Release 13.3 - platgen Xilinx EDK 13.3 Build EDK_O.76xd
 (lin64)
Copyright (c) 1995-2011 Xilinx, Inc.  All rights reserved.

Command Line: platgen -p xc6slx150tfgg676-3 -lang vhdl -intstyle default -msg
__xps/ise/xmsgprops.lst system.mhs 

WARNING:EDK - INFO:Security:71 - If a license for part 'xc6slx150t' is
   available, it will be possible to use 'XPS_TDP' instead of 'XPS'.
   WARNING:Security:42 - Your software subscription period has lapsed. Your
   current version of Xilinx tools will continue to function, but you no longer
   qualify for Xilinx software updates or new releases.


Parse /home/daniw/data/studium/sem6/add/edk/IVK_HW/t01_hello/system.mhs ...

Read MPD definitions ...

Overriding IP level properties ...

Computing clock values...
INFO:EDK:740 - Cannot determine the input clock associated with port :
   ilmb_cntlr:BRAM_Clk_A. Clock DRCs will not be performed on this core and
   cores connected to it. 
INFO:EDK:740 - Cannot determine the input clock associated with port :
   dlmb_cntlr:BRAM_Clk_A. Clock DRCs will not be performed on this core and
   cores connected to it. 

Performing IP level DRCs on properties...

Running DRC Tcl procedures for OPTION IPLEVEL_DRC_PROC...
Address Map for Processor microblaze_0
  (0000000000-0x00007fff) dlmb_cntlr	dlmb
  (0000000000-0x00007fff) ilmb_cntlr	ilmb
  (0x81400000-0x8140ffff) Push_Buttons_3Bit	mb_plb
  (0x81420000-0x8142ffff) LEDs_8Bit	mb_plb
  (0x83c00000-0x83c0ffff) xps_timer_0	mb_plb
  (0x84000000-0x8400ffff) RS232_USB	mb_plb
  (0x84400000-0x8440ffff) mdm_0	mb_plb
INFO:EDK:4130 - IPNAME: plb_v46, INSTANCE:mb_plb - tool is overriding PARAMETER
   C_PLBV46_NUM_MASTERS value to 2 -
   /opt/Xilinx/13.3/ISE_DS/EDK/hw/XilinxProcessorIPLib/pcores/plb_v46_v1_05_a/da
   ta/plb_v46_v2_1_0.mpd line 78 
INFO:EDK:4130 - IPNAME: plb_v46, INSTANCE:mb_plb - tool is overriding PARAMETER
   C_PLBV46_NUM_SLAVES value to 5 -
   /opt/Xilinx/13.3/ISE_DS/EDK/hw/XilinxProcessorIPLib/pcores/plb_v46_v1_05_a/da
   ta/plb_v46_v2_1_0.mpd line 79 
INFO:EDK:4130 - IPNAME: plb_v46, INSTANCE:mb_plb - tool is overriding PARAMETER
   C_PLBV46_MID_WIDTH value to 1 -
   /opt/Xilinx/13.3/ISE_DS/EDK/hw/XilinxProcessorIPLib/pcores/plb_v46_v1_05_a/da
   ta/plb_v46_v2_1_0.mpd line 80 
INFO:EDK:4130 - IPNAME: plb_v46, INSTANCE:mb_plb - tool is overriding PARAMETER
   C_PLBV46_DWIDTH value to 32 -
   /opt/Xilinx/13.3/ISE_DS/EDK/hw/XilinxProcessorIPLib/pcores/plb_v46_v1_05_a/da
   ta/plb_v46_v2_1_0.mpd line 82 
INFO:EDK:4130 - IPNAME: lmb_v10, INSTANCE:ilmb - tool is overriding PARAMETER
   C_LMB_NUM_SLAVES value to 1 -
   /opt/Xilinx/13.3/ISE_DS/EDK/hw/XilinxProcessorIPLib/pcores/lmb_v10_v2_00_b/da
   ta/lmb_v10_v2_1_0.mpd line 79 
INFO:EDK:4130 - IPNAME: lmb_v10, INSTANCE:dlmb - tool is overriding PARAMETER
   C_LMB_NUM_SLAVES value to 1 -
   /opt/Xilinx/13.3/ISE_DS/EDK/hw/XilinxProcessorIPLib/pcores/lmb_v10_v2_00_b/da
   ta/lmb_v10_v2_1_0.mpd line 79 
INFO:EDK:4130 - IPNAME: bram_block, INSTANCE:lmb_bram - tool is overriding
   PARAMETER C_MEMSIZE value to 0x8000 -
   /opt/Xilinx/13.3/ISE_DS/EDK/hw/XilinxProcessorIPLib/pcores/bram_block_v1_00_a
   /data/bram_block_v2_1_0.mpd line 76 
INFO:EDK:4130 - IPNAME: xps_uartlite, INSTANCE:RS232_USB - tool is overriding
   PARAMETER C_SPLB_NUM_MASTERS value to 2 -
   /opt/Xilinx/13.3/ISE_DS/EDK/hw/XilinxProcessorIPLib/pcores/xps_uartlite_v1_02
   _a/data/xps_uartlite_v2_1_0.mpd line 83 
INFO:EDK:4130 - IPNAME: xps_gpio, INSTANCE:LEDs_8Bit - tool is overriding
   PARAMETER C_SPLB_NUM_MASTERS value to 2 -
   /opt/Xilinx/13.3/ISE_DS/EDK/hw/XilinxProcessorIPLib/pcores/xps_gpio_v2_00_a/d
   ata/xps_gpio_v2_1_0.mpd line 81 
INFO:EDK:4130 - IPNAME: xps_gpio, INSTANCE:Push_Buttons_3Bit - tool is
   overriding PARAMETER C_SPLB_NUM_MASTERS value to 2 -
   /opt/Xilinx/13.3/ISE_DS/EDK/hw/XilinxProcessorIPLib/pcores/xps_gpio_v2_00_a/d
   ata/xps_gpio_v2_1_0.mpd line 81 
INFO:EDK:4130 - IPNAME: xps_timer, INSTANCE:xps_timer_0 - tool is overriding
   PARAMETER C_SPLB_MID_WIDTH value to 1 -
   /opt/Xilinx/13.3/ISE_DS/EDK/hw/XilinxProcessorIPLib/pcores/xps_timer_v1_02_a/
   data/xps_timer_v2_1_0.mpd line 86 
INFO:EDK:4130 - IPNAME: xps_timer, INSTANCE:xps_timer_0 - tool is overriding
   PARAMETER C_SPLB_NUM_MASTERS value to 2 -
   /opt/Xilinx/13.3/ISE_DS/EDK/hw/XilinxProcessorIPLib/pcores/xps_timer_v1_02_a/
   data/xps_timer_v2_1_0.mpd line 87 
INFO:EDK:4130 - IPNAME: mdm, INSTANCE:mdm_0 - tool is overriding PARAMETER
   C_SPLB_MID_WIDTH value to 1 -
   /opt/Xilinx/13.3/ISE_DS/EDK/hw/XilinxProcessorIPLib/pcores/mdm_v2_00_b/data/m
   dm_v2_1_0.mpd line 92 
INFO:EDK:4130 - IPNAME: mdm, INSTANCE:mdm_0 - tool is overriding PARAMETER
   C_SPLB_NUM_MASTERS value to 2 -
   /opt/Xilinx/13.3/ISE_DS/EDK/hw/XilinxProcessorIPLib/pcores/mdm_v2_00_b/data/m
   dm_v2_1_0.mpd line 93 

Checking platform address map ...

Checking platform configuration ...
IPNAME: plb_v46, INSTANCE: mb_plb - 2 master(s) : 5 slave(s) 
IPNAME: lmb_v10, INSTANCE: ilmb - 1 master(s) : 1 slave(s) 
IPNAME: lmb_v10, INSTANCE: dlmb - 1 master(s) : 1 slave(s) 

Checking port drivers...
WARNING:EDK:4180 - PORT: bscan_tdo1, CONNECTOR: bscan_tdo1 - No driver found.
   Port will be driven to GND -
   /opt/Xilinx/13.3/ISE_DS/EDK/hw/XilinxProcessorIPLib/pcores/mdm_v2_00_b/data/m
   dm_v2_1_0.mpd line 239 
WARNING:EDK:4181 - PORT: bscan_tdi, CONNECTOR: bscan_tdi - floating connection -
   /opt/Xilinx/13.3/ISE_DS/EDK/hw/XilinxProcessorIPLib/pcores/mdm_v2_00_b/data/m
   dm_v2_1_0.mpd line 232 
WARNING:EDK:4181 - PORT: bscan_reset, CONNECTOR: bscan_reset - floating
   connection -
   /opt/Xilinx/13.3/ISE_DS/EDK/hw/XilinxProcessorIPLib/pcores/mdm_v2_00_b/data/m
   dm_v2_1_0.mpd line 233 
WARNING:EDK:4181 - PORT: bscan_shift, CONNECTOR: bscan_shift - floating
   connection -
   /opt/Xilinx/13.3/ISE_DS/EDK/hw/XilinxProcessorIPLib/pcores/mdm_v2_00_b/data/m
   dm_v2_1_0.mpd line 234 
WARNING:EDK:4181 - PORT: bscan_update, CONNECTOR: bscan_update - floating
   connection -
   /opt/Xilinx/13.3/ISE_DS/EDK/hw/XilinxProcessorIPLib/pcores/mdm_v2_00_b/data/m
   dm_v2_1_0.mpd line 235 
WARNING:EDK:4181 - PORT: bscan_capture, CONNECTOR: bscan_capture - floating
   connection -
   /opt/Xilinx/13.3/ISE_DS/EDK/hw/XilinxProcessorIPLib/pcores/mdm_v2_00_b/data/m
   dm_v2_1_0.mpd line 236 
WARNING:EDK:4181 - PORT: bscan_sel1, CONNECTOR: bscan_sel1 - floating connection
   -
   /opt/Xilinx/13.3/ISE_DS/EDK/hw/XilinxProcessorIPLib/pcores/mdm_v2_00_b/data/m
   dm_v2_1_0.mpd line 237 
WARNING:EDK:4181 - PORT: bscan_drck1, CONNECTOR: bscan_drck1 - floating
   connection -
   /opt/Xilinx/13.3/ISE_DS/EDK/hw/XilinxProcessorIPLib/pcores/mdm_v2_00_b/data/m
   dm_v2_1_0.mpd line 238 
WARNING:EDK:4181 - PORT: Peripheral_Reset, CONNECTOR: sys_periph_reset -
   floating connection -
   /home/daniw/data/studium/sem6/add/edk/IVK_HW/t01_hello/system.mhs line 172 

Performing Clock DRCs...

Performing Reset DRCs...

Overriding system level properties...
INFO:EDK:4130 - IPNAME: microblaze, INSTANCE:microblaze_0 - tcl is overriding
   PARAMETER C_D_PLB value to 1 -
   /opt/Xilinx/13.3/ISE_DS/EDK/hw/XilinxProcessorIPLib/pcores/microblaze_v8_20_a
   /data/microblaze_v2_1_0.mpd line 228 
INFO:EDK:4130 - IPNAME: microblaze, INSTANCE:microblaze_0 - tcl is overriding
   PARAMETER C_I_PLB value to 1 -
   /opt/Xilinx/13.3/ISE_DS/EDK/hw/XilinxProcessorIPLib/pcores/microblaze_v8_20_a
   /data/microblaze_v2_1_0.mpd line 231 
INFO:EDK:4130 - IPNAME: microblaze, INSTANCE:microblaze_0 - tcl is overriding
   PARAMETER C_ADDR_TAG_BITS value to 0 -
   /opt/Xilinx/13.3/ISE_DS/EDK/hw/XilinxProcessorIPLib/pcores/microblaze_v8_20_a
   /data/microblaze_v2_1_0.mpd line 331 
INFO:EDK:4130 - IPNAME: microblaze, INSTANCE:microblaze_0 - tcl is overriding
   PARAMETER C_DCACHE_ADDR_TAG value to 0 -
   /opt/Xilinx/13.3/ISE_DS/EDK/hw/XilinxProcessorIPLib/pcores/microblaze_v8_20_a
   /data/microblaze_v2_1_0.mpd line 361 
INFO:EDK:4130 - IPNAME: microblaze, INSTANCE:microblaze_0 - tcl is overriding
   PARAMETER C_USE_EXT_BRK value to 1 -
   /opt/Xilinx/13.3/ISE_DS/EDK/hw/XilinxProcessorIPLib/pcores/microblaze_v8_20_a
   /data/microblaze_v2_1_0.mpd line 396 
INFO:EDK:4130 - IPNAME: microblaze, INSTANCE:microblaze_0 - tcl is overriding
   PARAMETER C_USE_EXT_NM_BRK value to 1 -
   /opt/Xilinx/13.3/ISE_DS/EDK/hw/XilinxProcessorIPLib/pcores/microblaze_v8_20_a
   /data/microblaze_v2_1_0.mpd line 397 
INFO:EDK:4130 - IPNAME: lmb_bram_if_cntlr, INSTANCE:dlmb_cntlr - tcl is
   overriding PARAMETER C_MASK value to 0x80000000 -
   /opt/Xilinx/13.3/ISE_DS/EDK/hw/XilinxProcessorIPLib/pcores/lmb_bram_if_cntlr_
   v3_00_b/data/lmb_bram_if_cntlr_v2_1_0.mpd line 87 
INFO:EDK:4130 - IPNAME: lmb_bram_if_cntlr, INSTANCE:ilmb_cntlr - tcl is
   overriding PARAMETER C_MASK value to 0x80000000 -
   /opt/Xilinx/13.3/ISE_DS/EDK/hw/XilinxProcessorIPLib/pcores/lmb_bram_if_cntlr_
   v3_00_b/data/lmb_bram_if_cntlr_v2_1_0.mpd line 87 

Running system level update procedures...

Running UPDATE Tcl procedures for OPTION SYSLEVEL_UPDATE_PROC...

Running system level DRCs...

Performing System level DRCs on properties...

Running DRC Tcl procedures for OPTION SYSLEVEL_DRC_PROC...

Running UPDATE Tcl procedures for OPTION PLATGEN_SYSLEVEL_UPDATE_PROC...
INFO: The microblaze_0 core has constraints automatically generated by XPS in
implementation/microblaze_0_wrapper/microblaze_0_wrapper.ucf.
It can be overridden by constraints placed in the system.ucf file.

INFO: The ilmb core has constraints automatically generated by XPS in
implementation/ilmb_wrapper/ilmb_wrapper.ucf.
It can be overridden by constraints placed in the system.ucf file.

INFO: The dlmb core has constraints automatically generated by XPS in
implementation/dlmb_wrapper/dlmb_wrapper.ucf.
It can be overridden by constraints placed in the system.ucf file.


Modify defaults ...

Creating stub ...

Processing licensed instances ...
Completion time: 0.00 seconds

Creating hardware output directories ...

Managing hardware (BBD-specified) netlist files ...

Managing cache ...

Elaborating instances ...
IPNAME:bram_block INSTANCE:lmb_bram -
/home/daniw/data/studium/sem6/add/edk/IVK_HW/t01_hello/system.mhs line 78 -
elaborating IP
IPNAME:clock_generator INSTANCE:clock_generator_0 -
/home/daniw/data/studium/sem6/add/edk/IVK_HW/t01_hello/system.mhs line 135 -
elaborating IP
ClkGen elaborate status: PASSED
----------------------------------------

Writing HDL for elaborated instances ...

Inserting wrapper level ...
Completion time: 0.00 seconds

Constructing platform-level connectivity ...
Completion time: 0.00 seconds

Writing (top-level) BMM ...

Writing (top-level and wrappers) HDL ...

Generating synthesis project file ...

Running XST synthesis ...

INFO:EDK:4211 - The following instances are synthesized with XST. The MPD option
   IMP_NETLIST=TRUE indicates that a NGC file is to be produced using XST
   synthesis. IMP_NETLIST=FALSE (default) instances are not synthesized. 
INSTANCE:microblaze_0 -
/home/daniw/data/studium/sem6/add/edk/IVK_HW/t01_hello/system.mhs line 26 -
Running XST synthesis
INSTANCE:mb_plb -
/home/daniw/data/studium/sem6/add/edk/IVK_HW/t01_hello/system.mhs line 39 -
Running XST synthesis
INSTANCE:ilmb -
/home/daniw/data/studium/sem6/add/edk/IVK_HW/t01_hello/system.mhs line 46 -
Running XST synthesis
INSTANCE:dlmb -
/home/daniw/data/studium/sem6/add/edk/IVK_HW/t01_hello/system.mhs line 53 -
Running XST synthesis
INSTANCE:dlmb_cntlr -
/home/daniw/data/studium/sem6/add/edk/IVK_HW/t01_hello/system.mhs line 60 -
Running XST synthesis
INSTANCE:ilmb_cntlr -
/home/daniw/data/studium/sem6/add/edk/IVK_HW/t01_hello/system.mhs line 69 -
Running XST synthesis
INSTANCE:lmb_bram -
/home/daniw/data/studium/sem6/add/edk/IVK_HW/t01_hello/system.mhs line 78 -
Running XST synthesis
INSTANCE:rs232_usb -
/home/daniw/data/studium/sem6/add/edk/IVK_HW/t01_hello/system.mhs line 85 -
Running XST synthesis
INSTANCE:leds_8bit -
/home/daniw/data/studium/sem6/add/edk/IVK_HW/t01_hello/system.mhs line 99 -
Running XST synthesis
INSTANCE:push_buttons_3bit -
/home/daniw/data/studium/sem6/add/edk/IVK_HW/t01_hello/system.mhs line 112 -
Running XST synthesis
INSTANCE:xps_timer_0 -
/home/daniw/data/studium/sem6/add/edk/IVK_HW/t01_hello/system.mhs line 125 -
Running XST synthesis
INSTANCE:clock_generator_0 -
/home/daniw/data/studium/sem6/add/edk/IVK_HW/t01_hello/system.mhs line 135 -
Running XST synthesis
INSTANCE:mdm_0 -
/home/daniw/data/studium/sem6/add/edk/IVK_HW/t01_hello/system.mhs line 150 -
Running XST synthesis
INSTANCE:proc_sys_reset_0 -
/home/daniw/data/studium/sem6/add/edk/IVK_HW/t01_hello/system.mhs line 162 -
Running XST synthesis

Running NGCBUILD ...
IPNAME:microblaze_0_wrapper INSTANCE:microblaze_0 -
/home/daniw/data/studium/sem6/add/edk/IVK_HW/t01_hello/system.mhs line 26 -
Running NGCBUILD
IPNAME:ilmb_wrapper INSTANCE:ilmb -
/home/daniw/data/studium/sem6/add/edk/IVK_HW/t01_hello/system.mhs line 46 -
Running NGCBUILD
IPNAME:dlmb_wrapper INSTANCE:dlmb -
/home/daniw/data/studium/sem6/add/edk/IVK_HW/t01_hello/system.mhs line 53 -
Running NGCBUILD
IPNAME:clock_generator_0_wrapper INSTANCE:clock_generator_0 -
/home/daniw/data/studium/sem6/add/edk/IVK_HW/t01_hello/system.mhs line 135 -
Running NGCBUILD
INFO:EDK:3509 - NCF files should not be modified as they will be regenerated.
   If any constraint needs to be overridden, this should be done by modifying
   the data/system.ucf file.

Rebuilding cache ...

Total run time: 207.00 seconds
