Xilinx Platform Studio (XPS)
Xilinx EDK 13.3 Build EDK_O.76xd
Copyright (c) 1995-2011 Xilinx, Inc.  All rights reserved.


********************************************************************************
At Local date and time: Fri Mar 20 18:22:12 2015
 make -f system.make bits started...
****************************************************
Creating system netlist for hardware specification..
****************************************************
platgen -p xc6slx150tfgg676-3 -lang vhdl -intstyle default    -msg __xps/ise/xmsgprops.lst system.mhs
WARNING: vhdl is not supported as a language.  Using usenglish.

Release 13.3 - platgen Xilinx EDK 13.3 Build EDK_O.76xd
 (lin64)
Copyright (c) 1995-2011 Xilinx, Inc.  All rights reserved.


Command Line: platgen -p xc6slx150tfgg676-3 -lang vhdl -intstyle default -msg
__xps/ise/xmsgprops.lst system.mhs 

WARNING:EDK - INFO:Security:71 - If a license for part 'xc6slx150t' is
   available, it will be possible to use 'XPS_TDP' instead of 'XPS'.
   WARNING:Security:42 - Your software subscription period has lapsed. Your
   current version of Xilinx tools will continue to function, but you no longer
   qualify for Xilinx software updates or new releases.


Parse /home/daniw/data/studium/sem6/add/edk/IVK_HW/t01_hello/system.mhs ...

Read MPD definitions ...

Overriding IP level properties ...

Computing clock values...
INFO:EDK:740 - Cannot determine the input clock associated with port :
   ilmb_cntlr:BRAM_Clk_A. Clock DRCs will not be performed on this core and
   cores connected to it. 
INFO:EDK:740 - Cannot determine the input clock associated with port :
   dlmb_cntlr:BRAM_Clk_A. Clock DRCs will not be performed on this core and
   cores connected to it. 

Performing IP level DRCs on properties...

Running DRC Tcl procedures for OPTION IPLEVEL_DRC_PROC...
Address Map for Processor microblaze_0
  (0000000000-0x00007fff) dlmb_cntlr	dlmb
  (0000000000-0x00007fff) ilmb_cntlr	ilmb
  (0x81400000-0x8140ffff) Push_Buttons_3Bit	mb_plb
  (0x81420000-0x8142ffff) LEDs_8Bit	mb_plb
  (0x83c00000-0x83c0ffff) xps_timer_0	mb_plb
  (0x84000000-0x8400ffff) RS232_USB	mb_plb
  (0x84400000-0x8440ffff) mdm_0	mb_plb
INFO:EDK:4130 - IPNAME: plb_v46, INSTANCE:mb_plb - tool is overriding PARAMETER
   C_PLBV46_NUM_MASTERS value to 2 -
   /opt/Xilinx/13.3/ISE_DS/EDK/hw/XilinxProcessorIPLib/pcores/plb_v46_v1_05_a/da
   ta/plb_v46_v2_1_0.mpd line 78 
INFO:EDK:4130 - IPNAME: plb_v46, INSTANCE:mb_plb - tool is overriding PARAMETER
   C_PLBV46_NUM_SLAVES value to 5 -
   /opt/Xilinx/13.3/ISE_DS/EDK/hw/XilinxProcessorIPLib/pcores/plb_v46_v1_05_a/da
   ta/plb_v46_v2_1_0.mpd line 79 
INFO:EDK:4130 - IPNAME: plb_v46, INSTANCE:mb_plb - tool is overriding PARAMETER
   C_PLBV46_MID_WIDTH value to 1 -
   /opt/Xilinx/13.3/ISE_DS/EDK/hw/XilinxProcessorIPLib/pcores/plb_v46_v1_05_a/da
   ta/plb_v46_v2_1_0.mpd line 80 
INFO:EDK:4130 - IPNAME: plb_v46, INSTANCE:mb_plb - tool is overriding PARAMETER
   C_PLBV46_DWIDTH value to 32 -
   /opt/Xilinx/13.3/ISE_DS/EDK/hw/XilinxProcessorIPLib/pcores/plb_v46_v1_05_a/da
   ta/plb_v46_v2_1_0.mpd line 82 
INFO:EDK:4130 - IPNAME: lmb_v10, INSTANCE:ilmb - tool is overriding PARAMETER
   C_LMB_NUM_SLAVES value to 1 -
   /opt/Xilinx/13.3/ISE_DS/EDK/hw/XilinxProcessorIPLib/pcores/lmb_v10_v2_00_b/da
   ta/lmb_v10_v2_1_0.mpd line 79 
INFO:EDK:4130 - IPNAME: lmb_v10, INSTANCE:dlmb - tool is overriding PARAMETER
   C_LMB_NUM_SLAVES value to 1 -
   /opt/Xilinx/13.3/ISE_DS/EDK/hw/XilinxProcessorIPLib/pcores/lmb_v10_v2_00_b/da
   ta/lmb_v10_v2_1_0.mpd line 79 
INFO:EDK:4130 - IPNAME: bram_block, INSTANCE:lmb_bram - tool is overriding
   PARAMETER C_MEMSIZE value to 0x8000 -
   /opt/Xilinx/13.3/ISE_DS/EDK/hw/XilinxProcessorIPLib/pcores/bram_block_v1_00_a
   /data/bram_block_v2_1_0.mpd line 76 
INFO:EDK:4130 - IPNAME: xps_uartlite, INSTANCE:RS232_USB - tool is overriding
   PARAMETER C_SPLB_NUM_MASTERS value to 2 -
   /opt/Xilinx/13.3/ISE_DS/EDK/hw/XilinxProcessorIPLib/pcores/xps_uartlite_v1_02
   _a/data/xps_uartlite_v2_1_0.mpd line 83 
INFO:EDK:4130 - IPNAME: xps_gpio, INSTANCE:LEDs_8Bit - tool is overriding
   PARAMETER C_SPLB_NUM_MASTERS value to 2 -
   /opt/Xilinx/13.3/ISE_DS/EDK/hw/XilinxProcessorIPLib/pcores/xps_gpio_v2_00_a/d
   ata/xps_gpio_v2_1_0.mpd line 81 
INFO:EDK:4130 - IPNAME: xps_gpio, INSTANCE:Push_Buttons_3Bit - tool is
   overriding PARAMETER C_SPLB_NUM_MASTERS value to 2 -
   /opt/Xilinx/13.3/ISE_DS/EDK/hw/XilinxProcessorIPLib/pcores/xps_gpio_v2_00_a/d
   ata/xps_gpio_v2_1_0.mpd line 81 
INFO:EDK:4130 - IPNAME: xps_timer, INSTANCE:xps_timer_0 - tool is overriding
   PARAMETER C_SPLB_MID_WIDTH value to 1 -
   /opt/Xilinx/13.3/ISE_DS/EDK/hw/XilinxProcessorIPLib/pcores/xps_timer_v1_02_a/
   data/xps_timer_v2_1_0.mpd line 86 
INFO:EDK:4130 - IPNAME: xps_timer, INSTANCE:xps_timer_0 - tool is overriding
   PARAMETER C_SPLB_NUM_MASTERS value to 2 -
   /opt/Xilinx/13.3/ISE_DS/EDK/hw/XilinxProcessorIPLib/pcores/xps_timer_v1_02_a/
   data/xps_timer_v2_1_0.mpd line 87 
INFO:EDK:4130 - IPNAME: mdm, INSTANCE:mdm_0 - tool is overriding PARAMETER
   C_SPLB_MID_WIDTH value to 1 -
   /opt/Xilinx/13.3/ISE_DS/EDK/hw/XilinxProcessorIPLib/pcores/mdm_v2_00_b/data/m
   dm_v2_1_0.mpd line 92 
INFO:EDK:4130 - IPNAME: mdm, INSTANCE:mdm_0 - tool is overriding PARAMETER
   C_SPLB_NUM_MASTERS value to 2 -
   /opt/Xilinx/13.3/ISE_DS/EDK/hw/XilinxProcessorIPLib/pcores/mdm_v2_00_b/data/m
   dm_v2_1_0.mpd line 93 

Checking platform address map ...

Checking platform configuration ...
IPNAME: plb_v46, INSTANCE: mb_plb - 2 master(s) : 5 slave(s) 
IPNAME: lmb_v10, INSTANCE: ilmb - 1 master(s) : 1 slave(s) 
IPNAME: lmb_v10, INSTANCE: dlmb - 1 master(s) : 1 slave(s) 

Checking port drivers...
WARNING:EDK:4180 - PORT: bscan_tdo1, CONNECTOR: bscan_tdo1 - No driver found.
   Port will be driven to GND -
   /opt/Xilinx/13.3/ISE_DS/EDK/hw/XilinxProcessorIPLib/pcores/mdm_v2_00_b/data/m
   dm_v2_1_0.mpd line 239 
WARNING:EDK:4181 - PORT: bscan_tdi, CONNECTOR: bscan_tdi - floating connection -
   /opt/Xilinx/13.3/ISE_DS/EDK/hw/XilinxProcessorIPLib/pcores/mdm_v2_00_b/data/m
   dm_v2_1_0.mpd line 232 
WARNING:EDK:4181 - PORT: bscan_reset, CONNECTOR: bscan_reset - floating
   connection -
   /opt/Xilinx/13.3/ISE_DS/EDK/hw/XilinxProcessorIPLib/pcores/mdm_v2_00_b/data/m
   dm_v2_1_0.mpd line 233 
WARNING:EDK:4181 - PORT: bscan_shift, CONNECTOR: bscan_shift - floating
   connection -
   /opt/Xilinx/13.3/ISE_DS/EDK/hw/XilinxProcessorIPLib/pcores/mdm_v2_00_b/data/m
   dm_v2_1_0.mpd line 234 
WARNING:EDK:4181 - PORT: bscan_update, CONNECTOR: bscan_update - floating
   connection -
   /opt/Xilinx/13.3/ISE_DS/EDK/hw/XilinxProcessorIPLib/pcores/mdm_v2_00_b/data/m
   dm_v2_1_0.mpd line 235 
WARNING:EDK:4181 - PORT: bscan_capture, CONNECTOR: bscan_capture - floating
   connection -
   /opt/Xilinx/13.3/ISE_DS/EDK/hw/XilinxProcessorIPLib/pcores/mdm_v2_00_b/data/m
   dm_v2_1_0.mpd line 236 
WARNING:EDK:4181 - PORT: bscan_sel1, CONNECTOR: bscan_sel1 - floating connection
   -
   /opt/Xilinx/13.3/ISE_DS/EDK/hw/XilinxProcessorIPLib/pcores/mdm_v2_00_b/data/m
   dm_v2_1_0.mpd line 237 
WARNING:EDK:4181 - PORT: bscan_drck1, CONNECTOR: bscan_drck1 - floating
   connection -
   /opt/Xilinx/13.3/ISE_DS/EDK/hw/XilinxProcessorIPLib/pcores/mdm_v2_00_b/data/m
   dm_v2_1_0.mpd line 238 
WARNING:EDK:4181 - PORT: Peripheral_Reset, CONNECTOR: sys_periph_reset -
   floating connection -
   /home/daniw/data/studium/sem6/add/edk/IVK_HW/t01_hello/system.mhs line 172 

Performing Clock DRCs...

Performing Reset DRCs...

Overriding system level properties...
INFO:EDK:4130 - IPNAME: microblaze, INSTANCE:microblaze_0 - tcl is overriding
   PARAMETER C_D_PLB value to 1 -
   /opt/Xilinx/13.3/ISE_DS/EDK/hw/XilinxProcessorIPLib/pcores/microblaze_v8_20_a
   /data/microblaze_v2_1_0.mpd line 228 
INFO:EDK:4130 - IPNAME: microblaze, INSTANCE:microblaze_0 - tcl is overriding
   PARAMETER C_I_PLB value to 1 -
   /opt/Xilinx/13.3/ISE_DS/EDK/hw/XilinxProcessorIPLib/pcores/microblaze_v8_20_a
   /data/microblaze_v2_1_0.mpd line 231 
INFO:EDK:4130 - IPNAME: microblaze, INSTANCE:microblaze_0 - tcl is overriding
   PARAMETER C_ADDR_TAG_BITS value to 0 -
   /opt/Xilinx/13.3/ISE_DS/EDK/hw/XilinxProcessorIPLib/pcores/microblaze_v8_20_a
   /data/microblaze_v2_1_0.mpd line 331 
INFO:EDK:4130 - IPNAME: microblaze, INSTANCE:microblaze_0 - tcl is overriding
   PARAMETER C_DCACHE_ADDR_TAG value to 0 -
   /opt/Xilinx/13.3/ISE_DS/EDK/hw/XilinxProcessorIPLib/pcores/microblaze_v8_20_a
   /data/microblaze_v2_1_0.mpd line 361 
INFO:EDK:4130 - IPNAME: microblaze, INSTANCE:microblaze_0 - tcl is overriding
   PARAMETER C_USE_EXT_BRK value to 1 -
   /opt/Xilinx/13.3/ISE_DS/EDK/hw/XilinxProcessorIPLib/pcores/microblaze_v8_20_a
   /data/microblaze_v2_1_0.mpd line 396 
INFO:EDK:4130 - IPNAME: microblaze, INSTANCE:microblaze_0 - tcl is overriding
   PARAMETER C_USE_EXT_NM_BRK value to 1 -
   /opt/Xilinx/13.3/ISE_DS/EDK/hw/XilinxProcessorIPLib/pcores/microblaze_v8_20_a
   /data/microblaze_v2_1_0.mpd line 397 
INFO:EDK:4130 - IPNAME: lmb_bram_if_cntlr, INSTANCE:dlmb_cntlr - tcl is
   overriding PARAMETER C_MASK value to 0x80000000 -
   /opt/Xilinx/13.3/ISE_DS/EDK/hw/XilinxProcessorIPLib/pcores/lmb_bram_if_cntlr_
   v3_00_b/data/lmb_bram_if_cntlr_v2_1_0.mpd line 87 
INFO:EDK:4130 - IPNAME: lmb_bram_if_cntlr, INSTANCE:ilmb_cntlr - tcl is
   overriding PARAMETER C_MASK value to 0x80000000 -
   /opt/Xilinx/13.3/ISE_DS/EDK/hw/XilinxProcessorIPLib/pcores/lmb_bram_if_cntlr_
   v3_00_b/data/lmb_bram_if_cntlr_v2_1_0.mpd line 87 

Running system level update procedures...

Running UPDATE Tcl procedures for OPTION SYSLEVEL_UPDATE_PROC...

Running system level DRCs...

Performing System level DRCs on properties...

Running DRC Tcl procedures for OPTION SYSLEVEL_DRC_PROC...

Running UPDATE Tcl procedures for OPTION PLATGEN_SYSLEVEL_UPDATE_PROC...
INFO: The microblaze_0 core has constraints automatically generated by XPS in
implementation/microblaze_0_wrapper/microblaze_0_wrapper.ucf.
It can be overridden by constraints placed in the system.ucf file.

INFO: The ilmb core has constraints automatically generated by XPS in
implementation/ilmb_wrapper/ilmb_wrapper.ucf.
It can be overridden by constraints placed in the system.ucf file.

INFO: The dlmb core has constraints automatically generated by XPS in
implementation/dlmb_wrapper/dlmb_wrapper.ucf.
It can be overridden by constraints placed in the system.ucf file.


Modify defaults ...

Creating stub ...

Processing licensed instances ...
Completion time: 0.00 seconds

Creating hardware output directories ...

Managing hardware (BBD-specified) netlist files ...

Managing cache ...

Elaborating instances ...
IPNAME:bram_block INSTANCE:lmb_bram -
/home/daniw/data/studium/sem6/add/edk/IVK_HW/t01_hello/system.mhs line 78 -
elaborating IP
IPNAME:clock_generator INSTANCE:clock_generator_0 -
/home/daniw/data/studium/sem6/add/edk/IVK_HW/t01_hello/system.mhs line 135 -
elaborating IP
ClkGen elaborate status: PASSED
----------------------------------------

Writing HDL for elaborated instances ...

Inserting wrapper level ...
Completion time: 0.00 seconds

Constructing platform-level connectivity ...
Completion time: 0.00 seconds

Writing (top-level) BMM ...

Writing (top-level and wrappers) HDL ...

Generating synthesis project file ...

Running XST synthesis ...

INFO:EDK:4211 - The following instances are synthesized with XST. The MPD option
   IMP_NETLIST=TRUE indicates that a NGC file is to be produced using XST
   synthesis. IMP_NETLIST=FALSE (default) instances are not synthesized. 
INSTANCE:microblaze_0 -
/home/daniw/data/studium/sem6/add/edk/IVK_HW/t01_hello/system.mhs line 26 -
Running XST synthesis
WARNING: vhdl is not supported as a language.  Using usenglish.
PMSPEC -- Overriding Xilinx file
</opt/Xilinx/13.3/ISE_DS/EDK/spartan6/data/spartan6.acd> with local file
</opt/Xilinx/13.3/ISE_DS/ISE/spartan6/data/spartan6.acd>
INSTANCE:mb_plb -
/home/daniw/data/studium/sem6/add/edk/IVK_HW/t01_hello/system.mhs line 39 -
Running XST synthesis
WARNING: vhdl is not supported as a language.  Using usenglish.
PMSPEC -- Overriding Xilinx file
</opt/Xilinx/13.3/ISE_DS/EDK/spartan6/data/spartan6.acd> with local file
</opt/Xilinx/13.3/ISE_DS/ISE/spartan6/data/spartan6.acd>
INSTANCE:ilmb -
/home/daniw/data/studium/sem6/add/edk/IVK_HW/t01_hello/system.mhs line 46 -
Running XST synthesis
WARNING: vhdl is not supported as a language.  Using usenglish.
PMSPEC -- Overriding Xilinx file
</opt/Xilinx/13.3/ISE_DS/EDK/spartan6/data/spartan6.acd> with local file
</opt/Xilinx/13.3/ISE_DS/ISE/spartan6/data/spartan6.acd>
INSTANCE:dlmb -
/home/daniw/data/studium/sem6/add/edk/IVK_HW/t01_hello/system.mhs line 53 -
Running XST synthesis
WARNING: vhdl is not supported as a language.  Using usenglish.
PMSPEC -- Overriding Xilinx file
</opt/Xilinx/13.3/ISE_DS/EDK/spartan6/data/spartan6.acd> with local file
</opt/Xilinx/13.3/ISE_DS/ISE/spartan6/data/spartan6.acd>
INSTANCE:dlmb_cntlr -
/home/daniw/data/studium/sem6/add/edk/IVK_HW/t01_hello/system.mhs line 60 -
Running XST synthesis
WARNING: vhdl is not supported as a language.  Using usenglish.
PMSPEC -- Overriding Xilinx file
</opt/Xilinx/13.3/ISE_DS/EDK/spartan6/data/spartan6.acd> with local file
</opt/Xilinx/13.3/ISE_DS/ISE/spartan6/data/spartan6.acd>
INSTANCE:ilmb_cntlr -
/home/daniw/data/studium/sem6/add/edk/IVK_HW/t01_hello/system.mhs line 69 -
Running XST synthesis
WARNING: vhdl is not supported as a language.  Using usenglish.
PMSPEC -- Overriding Xilinx file
</opt/Xilinx/13.3/ISE_DS/EDK/spartan6/data/spartan6.acd> with local file
</opt/Xilinx/13.3/ISE_DS/ISE/spartan6/data/spartan6.acd>
INSTANCE:lmb_bram -
/home/daniw/data/studium/sem6/add/edk/IVK_HW/t01_hello/system.mhs line 78 -
Running XST synthesis
WARNING: vhdl is not supported as a language.  Using usenglish.
PMSPEC -- Overriding Xilinx file
</opt/Xilinx/13.3/ISE_DS/EDK/spartan6/data/spartan6.acd> with local file
</opt/Xilinx/13.3/ISE_DS/ISE/spartan6/data/spartan6.acd>
INSTANCE:rs232_usb -
/home/daniw/data/studium/sem6/add/edk/IVK_HW/t01_hello/system.mhs line 85 -
Running XST synthesis
WARNING: vhdl is not supported as a language.  Using usenglish.
PMSPEC -- Overriding Xilinx file
</opt/Xilinx/13.3/ISE_DS/EDK/spartan6/data/spartan6.acd> with local file
</opt/Xilinx/13.3/ISE_DS/ISE/spartan6/data/spartan6.acd>
INSTANCE:leds_8bit -
/home/daniw/data/studium/sem6/add/edk/IVK_HW/t01_hello/system.mhs line 99 -
Running XST synthesis
WARNING: vhdl is not supported as a language.  Using usenglish.
PMSPEC -- Overriding Xilinx file
</opt/Xilinx/13.3/ISE_DS/EDK/spartan6/data/spartan6.acd> with local file
</opt/Xilinx/13.3/ISE_DS/ISE/spartan6/data/spartan6.acd>
INSTANCE:push_buttons_3bit -
/home/daniw/data/studium/sem6/add/edk/IVK_HW/t01_hello/system.mhs line 112 -
Running XST synthesis
WARNING: vhdl is not supported as a language.  Using usenglish.
PMSPEC -- Overriding Xilinx file
</opt/Xilinx/13.3/ISE_DS/EDK/spartan6/data/spartan6.acd> with local file
</opt/Xilinx/13.3/ISE_DS/ISE/spartan6/data/spartan6.acd>
INSTANCE:xps_timer_0 -
/home/daniw/data/studium/sem6/add/edk/IVK_HW/t01_hello/system.mhs line 125 -
Running XST synthesis
WARNING: vhdl is not supported as a language.  Using usenglish.
PMSPEC -- Overriding Xilinx file
</opt/Xilinx/13.3/ISE_DS/EDK/spartan6/data/spartan6.acd> with local file
</opt/Xilinx/13.3/ISE_DS/ISE/spartan6/data/spartan6.acd>
INSTANCE:clock_generator_0 -
/home/daniw/data/studium/sem6/add/edk/IVK_HW/t01_hello/system.mhs line 135 -
Running XST synthesis
WARNING: vhdl is not supported as a language.  Using usenglish.
PMSPEC -- Overriding Xilinx file
</opt/Xilinx/13.3/ISE_DS/EDK/spartan6/data/spartan6.acd> with local file
</opt/Xilinx/13.3/ISE_DS/ISE/spartan6/data/spartan6.acd>
INSTANCE:mdm_0 -
/home/daniw/data/studium/sem6/add/edk/IVK_HW/t01_hello/system.mhs line 150 -
Running XST synthesis
WARNING: vhdl is not supported as a language.  Using usenglish.
PMSPEC -- Overriding Xilinx file
</opt/Xilinx/13.3/ISE_DS/EDK/spartan6/data/spartan6.acd> with local file
</opt/Xilinx/13.3/ISE_DS/ISE/spartan6/data/spartan6.acd>
INSTANCE:proc_sys_reset_0 -
/home/daniw/data/studium/sem6/add/edk/IVK_HW/t01_hello/system.mhs line 162 -
Running XST synthesis
WARNING: vhdl is not supported as a language.  Using usenglish.
PMSPEC -- Overriding Xilinx file
</opt/Xilinx/13.3/ISE_DS/EDK/spartan6/data/spartan6.acd> with local file
</opt/Xilinx/13.3/ISE_DS/ISE/spartan6/data/spartan6.acd>

Running NGCBUILD ...
IPNAME:microblaze_0_wrapper INSTANCE:microblaze_0 -
/home/daniw/data/studium/sem6/add/edk/IVK_HW/t01_hello/system.mhs line 26 -
Running NGCBUILD
WARNING: vhdl is not supported as a language.  Using usenglish.
PMSPEC -- Overriding Xilinx file
</opt/Xilinx/13.3/ISE_DS/EDK/spartan6/data/spartan6.acd> with local file
</opt/Xilinx/13.3/ISE_DS/ISE/spartan6/data/spartan6.acd>

Command Line: /opt/Xilinx/13.3/ISE_DS/ISE/bin/lin64/unwrapped/ngcbuild -p
xc6slx150tfgg676-3 -intstyle silent -i -sd .. microblaze_0_wrapper.ngc
../microblaze_0_wrapper

Reading NGO file
"/home/daniw/data/studium/sem6/add/edk/IVK_HW/t01_hello/implementation/microblaz
e_0_wrapper/microblaze_0_wrapper.ngc" ...

Partition Implementation Status
-------------------------------

  No Partitions were found in this design.

-------------------------------

NGCBUILD Design Results Summary:
  Number of errors:     0
  Number of warnings:   0

Writing NGC file "../microblaze_0_wrapper.ngc" ...
Total REAL time to NGCBUILD completion:  3 sec
Total CPU time to NGCBUILD completion:   2 sec

Writing NGCBUILD log file "../microblaze_0_wrapper.blc"...

NGCBUILD done.
IPNAME:ilmb_wrapper INSTANCE:ilmb -
/home/daniw/data/studium/sem6/add/edk/IVK_HW/t01_hello/system.mhs line 46 -
Running NGCBUILD
WARNING: vhdl is not supported as a language.  Using usenglish.
PMSPEC -- Overriding Xilinx file
</opt/Xilinx/13.3/ISE_DS/EDK/spartan6/data/spartan6.acd> with local file
</opt/Xilinx/13.3/ISE_DS/ISE/spartan6/data/spartan6.acd>

Command Line: /opt/Xilinx/13.3/ISE_DS/ISE/bin/lin64/unwrapped/ngcbuild -p
xc6slx150tfgg676-3 -intstyle silent -i -sd .. ilmb_wrapper.ngc ../ilmb_wrapper

Reading NGO file
"/home/daniw/data/studium/sem6/add/edk/IVK_HW/t01_hello/implementation/ilmb_wrap
per/ilmb_wrapper.ngc" ...

Partition Implementation Status
-------------------------------

  No Partitions were found in this design.

-------------------------------

NGCBUILD Design Results Summary:
  Number of errors:     0
  Number of warnings:   0

Writing NGC file "../ilmb_wrapper.ngc" ...
Total REAL time to NGCBUILD completion:  2 sec
Total CPU time to NGCBUILD completion:   2 sec

Writing NGCBUILD log file "../ilmb_wrapper.blc"...

NGCBUILD done.
IPNAME:dlmb_wrapper INSTANCE:dlmb -
/home/daniw/data/studium/sem6/add/edk/IVK_HW/t01_hello/system.mhs line 53 -
Running NGCBUILD
WARNING: vhdl is not supported as a language.  Using usenglish.
PMSPEC -- Overriding Xilinx file
</opt/Xilinx/13.3/ISE_DS/EDK/spartan6/data/spartan6.acd> with local file
</opt/Xilinx/13.3/ISE_DS/ISE/spartan6/data/spartan6.acd>

Command Line: /opt/Xilinx/13.3/ISE_DS/ISE/bin/lin64/unwrapped/ngcbuild -p
xc6slx150tfgg676-3 -intstyle silent -i -sd .. dlmb_wrapper.ngc ../dlmb_wrapper

Reading NGO file
"/home/daniw/data/studium/sem6/add/edk/IVK_HW/t01_hello/implementation/dlmb_wrap
per/dlmb_wrapper.ngc" ...

Partition Implementation Status
-------------------------------

  No Partitions were found in this design.

-------------------------------

NGCBUILD Design Results Summary:
  Number of errors:     0
  Number of warnings:   0

Writing NGC file "../dlmb_wrapper.ngc" ...
Total REAL time to NGCBUILD completion:  2 sec
Total CPU time to NGCBUILD completion:   2 sec

Writing NGCBUILD log file "../dlmb_wrapper.blc"...

NGCBUILD done.
IPNAME:clock_generator_0_wrapper INSTANCE:clock_generator_0 -
/home/daniw/data/studium/sem6/add/edk/IVK_HW/t01_hello/system.mhs line 135 -
Running NGCBUILD
WARNING: vhdl is not supported as a language.  Using usenglish.
PMSPEC -- Overriding Xilinx file
</opt/Xilinx/13.3/ISE_DS/EDK/spartan6/data/spartan6.acd> with local file
</opt/Xilinx/13.3/ISE_DS/ISE/spartan6/data/spartan6.acd>

Command Line: /opt/Xilinx/13.3/ISE_DS/ISE/bin/lin64/unwrapped/ngcbuild -p
xc6slx150tfgg676-3 -intstyle silent -i -sd .. clock_generator_0_wrapper.ngc
../clock_generator_0_wrapper

Reading NGO file
"/home/daniw/data/studium/sem6/add/edk/IVK_HW/t01_hello/implementation/clock_gen
erator_0_wrapper/clock_generator_0_wrapper.ngc" ...

Partition Implementation Status
-------------------------------

  No Partitions were found in this design.

-------------------------------

NGCBUILD Design Results Summary:
  Number of errors:     0
  Number of warnings:   0

Writing NGC file "../clock_generator_0_wrapper.ngc" ...
Total REAL time to NGCBUILD completion:  2 sec
Total CPU time to NGCBUILD completion:   2 sec

Writing NGCBUILD log file "../clock_generator_0_wrapper.blc"...

NGCBUILD done.
INFO:EDK:3509 - NCF files should not be modified as they will be regenerated.
   If any constraint needs to be overridden, this should be done by modifying
   the data/system.ucf file.

Rebuilding cache ...

Total run time: 207.00 seconds
Running synthesis...
bash -c "cd synthesis; ./synthesis.sh"
xst -ifn system_xst.scr -intstyle silent
Running XST synthesis ...
WARNING: vhdl is not supported as a language.  Using usenglish.
PMSPEC -- Overriding Xilinx file
</opt/Xilinx/13.3/ISE_DS/EDK/spartan6/data/spartan6.acd> with local file
</opt/Xilinx/13.3/ISE_DS/ISE/spartan6/data/spartan6.acd>
XST completed
*********************************************
Running Xilinx Implementation tools..
*********************************************
xflow -wd implementation -p xc6slx150tfgg676-3 -implement xflow.opt system.ngc
WARNING: vhdl is not supported as a language.  Using usenglish.
Release 13.3 - Xflow O.76xd (lin64)
Copyright (c) 1995-2011 Xilinx, Inc.  All rights reserved.
xflow -wd implementation -p xc6slx150tfgg676-3 -implement xflow.opt system.ngc  
PMSPEC -- Overriding Xilinx file
</opt/Xilinx/13.3/ISE_DS/EDK/spartan6/data/spartan6.acd> with local file
</opt/Xilinx/13.3/ISE_DS/ISE/spartan6/data/spartan6.acd>
.... Copying flowfile /opt/Xilinx/13.3/ISE_DS/ISE/xilinx/data/fpga.flw into
working directory
/home/daniw/data/studium/sem6/add/edk/IVK_HW/t01_hello/implementation 

Using Flow File:
/home/daniw/data/studium/sem6/add/edk/IVK_HW/t01_hello/implementation/fpga.flw 
Using Option File(s): 
 /home/daniw/data/studium/sem6/add/edk/IVK_HW/t01_hello/implementation/xflow.opt
 

Creating Script File ... 

#----------------------------------------------#
# Starting program ngdbuild
# ngdbuild -p xc6slx150tfgg676-3 -nt timestamp -bm system.bmm
"/home/daniw/data/studium/sem6/add/edk/IVK_HW/t01_hello/implementation/system.ng
c" -uc system.ucf system.ngd 
#----------------------------------------------#
WARNING: vhdl is not supported as a language.  Using usenglish.
Release 13.3 - ngdbuild O.76xd (lin64)
Copyright (c) 1995-2011 Xilinx, Inc.  All rights reserved.
PMSPEC -- Overriding Xilinx file
</opt/Xilinx/13.3/ISE_DS/EDK/spartan6/data/spartan6.acd> with local file
</opt/Xilinx/13.3/ISE_DS/ISE/spartan6/data/spartan6.acd>

Command Line: /opt/Xilinx/13.3/ISE_DS/ISE/bin/lin64/unwrapped/ngdbuild -p
xc6slx150tfgg676-3 -nt timestamp -bm system.bmm
/home/daniw/data/studium/sem6/add/edk/IVK_HW/t01_hello/implementation/system.ngc
-uc system.ucf system.ngd

Reading NGO file
"/home/daniw/data/studium/sem6/add/edk/IVK_HW/t01_hello/implementation/system.ng
c" ...
Loading design module
"/home/daniw/data/studium/sem6/add/edk/IVK_HW/t01_hello/implementation/push_butt
ons_3bit_wrapper.ngc"...
Loading design module
"/home/daniw/data/studium/sem6/add/edk/IVK_HW/t01_hello/implementation/rs232_usb
_wrapper.ngc"...
Loading design module
"/home/daniw/data/studium/sem6/add/edk/IVK_HW/t01_hello/implementation/clock_gen
erator_0_wrapper.ngc"...
Loading design module
"/home/daniw/data/studium/sem6/add/edk/IVK_HW/t01_hello/implementation/proc_sys_
reset_0_wrapper.ngc"...
Loading design module
"/home/daniw/data/studium/sem6/add/edk/IVK_HW/t01_hello/implementation/microblaz
e_0_wrapper.ngc"...
Loading design module
"/home/daniw/data/studium/sem6/add/edk/IVK_HW/t01_hello/implementation/mb_plb_wr
apper.ngc"...
Loading design module
"/home/daniw/data/studium/sem6/add/edk/IVK_HW/t01_hello/implementation/ilmb_wrap
per.ngc"...
Loading design module
"/home/daniw/data/studium/sem6/add/edk/IVK_HW/t01_hello/implementation/dlmb_wrap
per.ngc"...
Loading design module
"/home/daniw/data/studium/sem6/add/edk/IVK_HW/t01_hello/implementation/dlmb_cntl
r_wrapper.ngc"...
Loading design module
"/home/daniw/data/studium/sem6/add/edk/IVK_HW/t01_hello/implementation/ilmb_cntl
r_wrapper.ngc"...
Loading design module
"/home/daniw/data/studium/sem6/add/edk/IVK_HW/t01_hello/implementation/leds_8bit
_wrapper.ngc"...
Loading design module
"/home/daniw/data/studium/sem6/add/edk/IVK_HW/t01_hello/implementation/xps_timer
_0_wrapper.ngc"...
Loading design module
"/home/daniw/data/studium/sem6/add/edk/IVK_HW/t01_hello/implementation/mdm_0_wra
pper.ngc"...
Loading design module
"/home/daniw/data/studium/sem6/add/edk/IVK_HW/t01_hello/implementation/lmb_bram_
wrapper.ngc"...
Gathering constraint information from source properties...
Done.

Annotating constraints to design from ucf file "system.ucf" ...
Resolving constraint associations...
Checking Constraint Associations...
INFO:ConstraintSystem:178 - TNM 'sys_clk_pin', used in period specification
   'TS_sys_clk_pin', was traced into PLL_ADV instance
   clock_generator_0/PLL0_INST/Using_PLL_ADV.PLL_ADV_inst. The following new TNM
   groups and period specifications were generated at the PLL_ADV output(s): 
   CLKOUT0: <TIMESPEC TS_clock_generator_0_clock_generator_0_SIG_PLL0_CLKOUT0 =
   PERIOD "clock_generator_0_clock_generator_0_SIG_PLL0_CLKOUT0" TS_sys_clk_pin
   * 0.5 HIGH 50%>

Done...

Processing BMM file "system.bmm" ...

Checking expanded design ...
WARNING:NgdBuild:443 - SFF primitive
   'microblaze_0/microblaze_0/MicroBlaze_Core_I/Performance.Decode_I/Using_FPGA.
   Gen_Bits[27].MEM_EX_Result_Inst' has unconnected output pin
WARNING:NgdBuild:443 - SFF primitive
   'xps_timer_0/xps_timer_0/TC_CORE_I/TIMER_CONTROL_I/TCSR1_GENERATE[20].TCSR1_F
   F_I' has unconnected output pin
WARNING:NgdBuild:443 - SFF primitive
   'xps_timer_0/xps_timer_0/TC_CORE_I/TIMER_CONTROL_I/TCSR1_GENERATE[19].TCSR1_F
   F_I' has unconnected output pin
WARNING:NgdBuild:443 - SFF primitive
   'xps_timer_0/xps_timer_0/TC_CORE_I/TIMER_CONTROL_I/TCSR1_GENERATE[18].TCSR1_F
   F_I' has unconnected output pin
WARNING:NgdBuild:443 - SFF primitive
   'xps_timer_0/xps_timer_0/TC_CORE_I/TIMER_CONTROL_I/TCSR1_GENERATE[17].TCSR1_F
   F_I' has unconnected output pin
WARNING:NgdBuild:443 - SFF primitive
   'xps_timer_0/xps_timer_0/TC_CORE_I/TIMER_CONTROL_I/TCSR1_GENERATE[16].TCSR1_F
   F_I' has unconnected output pin
WARNING:NgdBuild:443 - SFF primitive
   'xps_timer_0/xps_timer_0/TC_CORE_I/TIMER_CONTROL_I/TCSR1_GENERATE[15].TCSR1_F
   F_I' has unconnected output pin
WARNING:NgdBuild:443 - SFF primitive
   'xps_timer_0/xps_timer_0/TC_CORE_I/TIMER_CONTROL_I/TCSR1_GENERATE[14].TCSR1_F
   F_I' has unconnected output pin
WARNING:NgdBuild:443 - SFF primitive
   'xps_timer_0/xps_timer_0/TC_CORE_I/TIMER_CONTROL_I/TCSR1_GENERATE[13].TCSR1_F
   F_I' has unconnected output pin
WARNING:NgdBuild:443 - SFF primitive
   'xps_timer_0/xps_timer_0/TC_CORE_I/TIMER_CONTROL_I/TCSR1_GENERATE[12].TCSR1_F
   F_I' has unconnected output pin
WARNING:NgdBuild:443 - SFF primitive
   'xps_timer_0/xps_timer_0/TC_CORE_I/TIMER_CONTROL_I/TCSR1_GENERATE[11].TCSR1_F
   F_I' has unconnected output pin
WARNING:NgdBuild:443 - SFF primitive
   'xps_timer_0/xps_timer_0/TC_CORE_I/TIMER_CONTROL_I/TCSR1_GENERATE[10].TCSR1_F
   F_I' has unconnected output pin
WARNING:NgdBuild:443 - SFF primitive
   'xps_timer_0/xps_timer_0/TC_CORE_I/TIMER_CONTROL_I/TCSR1_GENERATE[9].TCSR1_FF
   _I' has unconnected output pin
WARNING:NgdBuild:443 - SFF primitive
   'xps_timer_0/xps_timer_0/TC_CORE_I/TIMER_CONTROL_I/TCSR1_GENERATE[8].TCSR1_FF
   _I' has unconnected output pin
WARNING:NgdBuild:443 - SFF primitive
   'xps_timer_0/xps_timer_0/TC_CORE_I/TIMER_CONTROL_I/TCSR1_GENERATE[7].TCSR1_FF
   _I' has unconnected output pin
WARNING:NgdBuild:443 - SFF primitive
   'xps_timer_0/xps_timer_0/TC_CORE_I/TIMER_CONTROL_I/TCSR1_GENERATE[6].TCSR1_FF
   _I' has unconnected output pin
WARNING:NgdBuild:443 - SFF primitive
   'xps_timer_0/xps_timer_0/TC_CORE_I/TIMER_CONTROL_I/TCSR1_GENERATE[5].TCSR1_FF
   _I' has unconnected output pin
WARNING:NgdBuild:443 - SFF primitive
   'xps_timer_0/xps_timer_0/TC_CORE_I/TIMER_CONTROL_I/TCSR1_GENERATE[4].TCSR1_FF
   _I' has unconnected output pin
WARNING:NgdBuild:443 - SFF primitive
   'xps_timer_0/xps_timer_0/TC_CORE_I/TIMER_CONTROL_I/TCSR1_GENERATE[3].TCSR1_FF
   _I' has unconnected output pin
WARNING:NgdBuild:443 - SFF primitive
   'xps_timer_0/xps_timer_0/TC_CORE_I/TIMER_CONTROL_I/TCSR1_GENERATE[2].TCSR1_FF
   _I' has unconnected output pin
WARNING:NgdBuild:443 - SFF primitive
   'xps_timer_0/xps_timer_0/TC_CORE_I/TIMER_CONTROL_I/TCSR1_GENERATE[1].TCSR1_FF
   _I' has unconnected output pin
WARNING:NgdBuild:443 - SFF primitive
   'xps_timer_0/xps_timer_0/TC_CORE_I/TIMER_CONTROL_I/TCSR1_GENERATE[0].TCSR1_FF
   _I' has unconnected output pin
WARNING:NgdBuild:443 - SFF primitive
   'xps_timer_0/xps_timer_0/TC_CORE_I/TIMER_CONTROL_I/TCSR0_GENERATE[20].TCSR0_F
   F_I' has unconnected output pin
WARNING:NgdBuild:443 - SFF primitive
   'xps_timer_0/xps_timer_0/TC_CORE_I/TIMER_CONTROL_I/TCSR0_GENERATE[19].TCSR0_F
   F_I' has unconnected output pin
WARNING:NgdBuild:443 - SFF primitive
   'xps_timer_0/xps_timer_0/TC_CORE_I/TIMER_CONTROL_I/TCSR0_GENERATE[18].TCSR0_F
   F_I' has unconnected output pin
WARNING:NgdBuild:443 - SFF primitive
   'xps_timer_0/xps_timer_0/TC_CORE_I/TIMER_CONTROL_I/TCSR0_GENERATE[17].TCSR0_F
   F_I' has unconnected output pin
WARNING:NgdBuild:443 - SFF primitive
   'xps_timer_0/xps_timer_0/TC_CORE_I/TIMER_CONTROL_I/TCSR0_GENERATE[16].TCSR0_F
   F_I' has unconnected output pin
WARNING:NgdBuild:443 - SFF primitive
   'xps_timer_0/xps_timer_0/TC_CORE_I/TIMER_CONTROL_I/TCSR0_GENERATE[15].TCSR0_F
   F_I' has unconnected output pin
WARNING:NgdBuild:443 - SFF primitive
   'xps_timer_0/xps_timer_0/TC_CORE_I/TIMER_CONTROL_I/TCSR0_GENERATE[14].TCSR0_F
   F_I' has unconnected output pin
WARNING:NgdBuild:443 - SFF primitive
   'xps_timer_0/xps_timer_0/TC_CORE_I/TIMER_CONTROL_I/TCSR0_GENERATE[13].TCSR0_F
   F_I' has unconnected output pin
WARNING:NgdBuild:443 - SFF primitive
   'xps_timer_0/xps_timer_0/TC_CORE_I/TIMER_CONTROL_I/TCSR0_GENERATE[12].TCSR0_F
   F_I' has unconnected output pin
WARNING:NgdBuild:443 - SFF primitive
   'xps_timer_0/xps_timer_0/TC_CORE_I/TIMER_CONTROL_I/TCSR0_GENERATE[11].TCSR0_F
   F_I' has unconnected output pin
WARNING:NgdBuild:443 - SFF primitive
   'xps_timer_0/xps_timer_0/TC_CORE_I/TIMER_CONTROL_I/TCSR0_GENERATE[10].TCSR0_F
   F_I' has unconnected output pin
WARNING:NgdBuild:443 - SFF primitive
   'xps_timer_0/xps_timer_0/TC_CORE_I/TIMER_CONTROL_I/TCSR0_GENERATE[9].TCSR0_FF
   _I' has unconnected output pin
WARNING:NgdBuild:443 - SFF primitive
   'xps_timer_0/xps_timer_0/TC_CORE_I/TIMER_CONTROL_I/TCSR0_GENERATE[8].TCSR0_FF
   _I' has unconnected output pin
WARNING:NgdBuild:443 - SFF primitive
   'xps_timer_0/xps_timer_0/TC_CORE_I/TIMER_CONTROL_I/TCSR0_GENERATE[7].TCSR0_FF
   _I' has unconnected output pin
WARNING:NgdBuild:443 - SFF primitive
   'xps_timer_0/xps_timer_0/TC_CORE_I/TIMER_CONTROL_I/TCSR0_GENERATE[6].TCSR0_FF
   _I' has unconnected output pin
WARNING:NgdBuild:443 - SFF primitive
   'xps_timer_0/xps_timer_0/TC_CORE_I/TIMER_CONTROL_I/TCSR0_GENERATE[5].TCSR0_FF
   _I' has unconnected output pin
WARNING:NgdBuild:443 - SFF primitive
   'xps_timer_0/xps_timer_0/TC_CORE_I/TIMER_CONTROL_I/TCSR0_GENERATE[4].TCSR0_FF
   _I' has unconnected output pin
WARNING:NgdBuild:443 - SFF primitive
   'xps_timer_0/xps_timer_0/TC_CORE_I/TIMER_CONTROL_I/TCSR0_GENERATE[3].TCSR0_FF
   _I' has unconnected output pin
WARNING:NgdBuild:443 - SFF primitive
   'xps_timer_0/xps_timer_0/TC_CORE_I/TIMER_CONTROL_I/TCSR0_GENERATE[2].TCSR0_FF
   _I' has unconnected output pin
WARNING:NgdBuild:443 - SFF primitive
   'xps_timer_0/xps_timer_0/TC_CORE_I/TIMER_CONTROL_I/TCSR0_GENERATE[1].TCSR0_FF
   _I' has unconnected output pin
WARNING:NgdBuild:443 - SFF primitive
   'xps_timer_0/xps_timer_0/TC_CORE_I/TIMER_CONTROL_I/TCSR0_GENERATE[0].TCSR0_FF
   _I' has unconnected output pin
WARNING:NgdBuild:478 - clock net mdm_0/bscan_drck1 with clock driver
   mdm_0/mdm_0/BUFG_DRCK1 drives no clock pins

Partition Implementation Status
-------------------------------

  No Partitions were found in this design.

-------------------------------

NGDBUILD Design Results Summary:
  Number of errors:     0
  Number of warnings:  44

Writing NGD file "system.ngd" ...
Total REAL time to NGDBUILD completion:  20 sec
Total CPU time to NGDBUILD completion:   20 sec

Writing NGDBUILD log file "system.bld"...

NGDBUILD done.



#----------------------------------------------#
# Starting program map
# map -o system_map.ncd -w -pr b -ol high -timing -detail system.ngd system.pcf 
#----------------------------------------------#
WARNING: vhdl is not supported as a language.  Using usenglish.
Release 13.3 - Map O.76xd (lin64)
Copyright (c) 1995-2011 Xilinx, Inc.  All rights reserved.
PMSPEC -- Overriding Xilinx file
</opt/Xilinx/13.3/ISE_DS/EDK/data/Xdh_PrimTypeLib.xda> with local file
</opt/Xilinx/13.3/ISE_DS/ISE/data/Xdh_PrimTypeLib.xda>
Using target part "6slx150tfgg676-3".
vvvvvvvvvvvvvvvvvvvvvvvvvvvvvvvvvvvvvvvvvvvvvvvvvvvvvvvvvvvvvvvvvvvvvv
INFO:Security:56 - Part 'xc6slx150t' is not a WebPack part.
WARNING:Security:42 - Your software subscription period has lapsed. Your current
version of Xilinx tools will continue to function, but you no longer qualify for
Xilinx software updates or new releases.
----------------------------------------------------------------------
Mapping design into LUTs...
Writing file system_map.ngm...
Running directed packing...
Running delay-based LUT packing...
Updating timing models...
INFO:Map:215 - The Interim Design Summary has been generated in the MAP Report
   (.mrp).
Running timing-driven placement...
Total REAL time at the beginning of Placer: 17 secs 
Total CPU  time at the beginning of Placer: 15 secs 

Phase 1.1  Initial Placement Analysis
Phase 1.1  Initial Placement Analysis (Checksum:e8e1d6f4) REAL time: 22 secs 

Phase 2.7  Design Feasibility Check
Phase 2.7  Design Feasibility Check (Checksum:e8e1d6f4) REAL time: 26 secs 

Phase 3.31  Local Placement Optimization
Phase 3.31  Local Placement Optimization (Checksum:2bd7886c) REAL time: 26 secs 

Phase 4.2  Initial Placement for Architecture Specific Features

Phase 4.2  Initial Placement for Architecture Specific Features
(Checksum:8fb61acd) REAL time: 33 secs 

Phase 5.36  Local Placement Optimization
Phase 5.36  Local Placement Optimization (Checksum:8fb61acd) REAL time: 33 secs 

Phase 6.30  Global Clock Region Assignment
Phase 6.30  Global Clock Region Assignment (Checksum:8fb61acd) REAL time: 33 secs 

Phase 7.3  Local Placement Optimization
Phase 7.3  Local Placement Optimization (Checksum:8fb61acd) REAL time: 33 secs 

Phase 8.5  Local Placement Optimization
Phase 8.5  Local Placement Optimization (Checksum:8fb61acd) REAL time: 33 secs 

Phase 9.8  Global Placement
.................................................................................................................
............................................
Phase 9.8  Global Placement (Checksum:4c00cb2e) REAL time: 42 secs 

Phase 10.5  Local Placement Optimization
Phase 10.5  Local Placement Optimization (Checksum:4c00cb2e) REAL time: 42 secs 

Phase 11.18  Placement Optimization
Phase 11.18  Placement Optimization (Checksum:5ebd8a1e) REAL time: 53 secs 

Phase 12.5  Local Placement Optimization
Phase 12.5  Local Placement Optimization (Checksum:5ebd8a1e) REAL time: 53 secs 

Phase 13.34  Placement Validation
Phase 13.34  Placement Validation (Checksum:ec61d9f) REAL time: 53 secs 

Total REAL time to Placer completion: 1 mins 2 secs 
Total CPU  time to Placer completion: 56 secs 
Running post-placement packing...
Writing output files...

Design Summary:
Number of errors:      0
Number of warnings:   18
Slice Logic Utilization:
  Number of Slice Registers:                 1,827 out of 184,304    1%
    Number used as Flip Flops:               1,823
    Number used as Latches:                      0
    Number used as Latch-thrus:                  0
    Number used as AND/OR logics:                4
  Number of Slice LUTs:                      2,120 out of  92,152    2%
    Number used as logic:                    1,887 out of  92,152    2%
      Number using O6 output only:           1,479
      Number using O5 output only:              48
      Number using O5 and O6:                  360
      Number used as ROM:                        0
    Number used as Memory:                     148 out of  21,680    1%
      Number used as Dual Port RAM:             64
        Number using O6 output only:             0
        Number using O5 output only:             0
        Number using O5 and O6:                 64
      Number used as Single Port RAM:            0
      Number used as Shift Register:            84
        Number using O6 output only:            27
        Number using O5 output only:             1
        Number using O5 and O6:                 56
    Number used exclusively as route-thrus:     85
      Number with same-slice register load:     80
      Number with same-slice carry load:         5
      Number with other load:                    0

Slice Logic Distribution:
  Number of occupied Slices:                   761 out of  23,038    3%
  Nummber of MUXCYs used:                      392 out of  46,076    1%
  Number of LUT Flip Flop pairs used:        2,424
    Number with an unused Flip Flop:           784 out of   2,424   32%
    Number with an unused LUT:                 304 out of   2,424   12%
    Number of fully used LUT-FF pairs:       1,336 out of   2,424   55%
    Number of unique control sets:             133
    Number of slice register sites lost
      to control set restrictions:             533 out of 184,304    1%

  A LUT Flip Flop pair for this architecture represents one LUT paired with
  one Flip Flop within a slice.  A control set is a unique combination of
  clock, reset, set, and enable signals for a registered element.
  The Slice Logic Distribution report is not meaningful if the design is
  over-mapped for a non-slice resource or if Placement fails.

IO Utilization:
  Number of bonded IOBs:                        15 out of     396    3%
    Number of LOCed IOBs:                       15 out of      15  100%
    IOB Flip Flops:                             10

Specific Feature Utilization:
  Number of RAMB16BWERs:                        16 out of     268    5%
  Number of RAMB8BWERs:                          0 out of     536    0%
  Number of BUFIO2/BUFIO2_2CLKs:                 1 out of      32    3%
    Number used as BUFIO2s:                      1
    Number used as BUFIO2_2CLKs:                 0
  Number of BUFIO2FB/BUFIO2FB_2CLKs:             0 out of      32    0%
  Number of BUFG/BUFGMUXs:                       2 out of      16   12%
    Number used as BUFGs:                        2
    Number used as BUFGMUX:                      0
  Number of DCM/DCM_CLKGENs:                     0 out of      12    0%
  Number of ILOGIC2/ISERDES2s:                   1 out of     586    1%
    Number used as ILOGIC2s:                     1
    Number used as ISERDES2s:                    0
  Number of IODELAY2/IODRP2/IODRP2_MCBs:         0 out of     586    0%
  Number of OLOGIC2/OSERDES2s:                   9 out of     586    1%
    Number used as OLOGIC2s:                     9
    Number used as OSERDES2s:                    0
  Number of BSCANs:                              1 out of       4   25%
  Number of BUFHs:                               0 out of     384    0%
  Number of BUFPLLs:                             0 out of       8    0%
  Number of BUFPLL_MCBs:                         0 out of       4    0%
  Number of DSP48A1s:                            3 out of     180    1%
  Number of GTPA1_DUALs:                         0 out of       4    0%
  Number of ICAPs:                               0 out of       1    0%
  Number of MCBs:                                0 out of       4    0%
  Number of PCIE_A1s:                            0 out of       1    0%
  Number of PCILOGICSEs:                         0 out of       2    0%
  Number of PLL_ADVs:                            1 out of       6   16%
  Number of PMVs:                                0 out of       1    0%
  Number of STARTUPs:                            0 out of       1    0%
  Number of SUSPEND_SYNCs:                       0 out of       1    0%

Average Fanout of Non-Clock Nets:                3.97

Peak Memory Usage:  1002 MB
Total REAL time to MAP completion:  1 mins 5 secs 
Total CPU time to MAP completion:   58 secs 

Mapping completed.
See MAP report file "system_map.mrp" for details.



#----------------------------------------------#
# Starting program par
# par -w -ol high system_map.ncd system.ncd system.pcf 
#----------------------------------------------#
WARNING: vhdl is not supported as a language.  Using usenglish.
Release 13.3 - par O.76xd (lin64)
Copyright (c) 1995-2011 Xilinx, Inc.  All rights reserved.
PMSPEC -- Overriding Xilinx file </opt/Xilinx/13.3/ISE_DS/EDK/data/parBmgr.acd> with local file
</opt/Xilinx/13.3/ISE_DS/ISE/data/parBmgr.acd>



Constraints file: system.pcf.
Loading device for application Rf_Device from file '6slx150t.nph' in environment
/opt/Xilinx/13.3/ISE_DS/ISE/:/opt/Xilinx/13.3/ISE_DS/EDK.
   "system" is an NCD, version 3.2, device xc6slx150t, package fgg676, speed -3
vvvvvvvvvvvvvvvvvvvvvvvvvvvvvvvvvvvvvvvvvvvvvvvvvvvvvvvvvvvvvvvvvvvvvv
INFO:Security:56 - Part 'xc6slx150t' is not a WebPack part.
WARNING:Security:42 - Your software subscription period has lapsed. Your current version of Xilinx tools will continue
to function, but you no longer qualify for Xilinx software updates or new releases.

----------------------------------------------------------------------

Initializing temperature to 85.000 Celsius. (default - Range: 0.000 to 85.000 Celsius)
Initializing voltage to 1.140 Volts. (default - Range: 1.140 to 1.260 Volts)


Device speed data version:  "PRODUCTION 1.20 2011-10-03".



Device Utilization Summary:

Slice Logic Utilization:
  Number of Slice Registers:                 1,827 out of 184,304    1%
    Number used as Flip Flops:               1,823
    Number used as Latches:                      0
    Number used as Latch-thrus:                  0
    Number used as AND/OR logics:                4
  Number of Slice LUTs:                      2,120 out of  92,152    2%
    Number used as logic:                    1,887 out of  92,152    2%
      Number using O6 output only:           1,479
      Number using O5 output only:              48
      Number using O5 and O6:                  360
      Number used as ROM:                        0
    Number used as Memory:                     148 out of  21,680    1%
      Number used as Dual Port RAM:             64
        Number using O6 output only:             0
        Number using O5 output only:             0
        Number using O5 and O6:                 64
      Number used as Single Port RAM:            0
      Number used as Shift Register:            84
        Number using O6 output only:            27
        Number using O5 output only:             1
        Number using O5 and O6:                 56
    Number used exclusively as route-thrus:     85
      Number with same-slice register load:     80
      Number with same-slice carry load:         5
      Number with other load:                    0

Slice Logic Distribution:
  Number of occupied Slices:                   761 out of  23,038    3%
  Nummber of MUXCYs used:                      392 out of  46,076    1%
  Number of LUT Flip Flop pairs used:        2,424
    Number with an unused Flip Flop:           784 out of   2,424   32%
    Number with an unused LUT:                 304 out of   2,424   12%
    Number of fully used LUT-FF pairs:       1,336 out of   2,424   55%
    Number of slice register sites lost
      to control set restrictions:               0 out of 184,304    0%

  A LUT Flip Flop pair for this architecture represents one LUT paired with
  one Flip Flop within a slice.  A control set is a unique combination of
  clock, reset, set, and enable signals for a registered element.
  The Slice Logic Distribution report is not meaningful if the design is
  over-mapped for a non-slice resource or if Placement fails.

IO Utilization:
  Number of bonded IOBs:                        15 out of     396    3%
    Number of LOCed IOBs:                       15 out of      15  100%
    IOB Flip Flops:                             10

Specific Feature Utilization:
  Number of RAMB16BWERs:                        16 out of     268    5%
  Number of RAMB8BWERs:                          0 out of     536    0%
  Number of BUFIO2/BUFIO2_2CLKs:                 1 out of      32    3%
    Number used as BUFIO2s:                      1
    Number used as BUFIO2_2CLKs:                 0
  Number of BUFIO2FB/BUFIO2FB_2CLKs:             0 out of      32    0%
  Number of BUFG/BUFGMUXs:                       2 out of      16   12%
    Number used as BUFGs:                        2
    Number used as BUFGMUX:                      0
  Number of DCM/DCM_CLKGENs:                     0 out of      12    0%
  Number of ILOGIC2/ISERDES2s:                   1 out of     586    1%
    Number used as ILOGIC2s:                     1
    Number used as ISERDES2s:                    0
  Number of IODELAY2/IODRP2/IODRP2_MCBs:         0 out of     586    0%
  Number of OLOGIC2/OSERDES2s:                   9 out of     586    1%
    Number used as OLOGIC2s:                     9
    Number used as OSERDES2s:                    0
  Number of BSCANs:                              1 out of       4   25%
  Number of BUFHs:                               0 out of     384    0%
  Number of BUFPLLs:                             0 out of       8    0%
  Number of BUFPLL_MCBs:                         0 out of       4    0%
  Number of DSP48A1s:                            3 out of     180    1%
  Number of GTPA1_DUALs:                         0 out of       4    0%
  Number of ICAPs:                               0 out of       1    0%
  Number of MCBs:                                0 out of       4    0%
  Number of PCIE_A1s:                            0 out of       1    0%
  Number of PCILOGICSEs:                         0 out of       2    0%
  Number of PLL_ADVs:                            1 out of       6   16%
  Number of PMVs:                                0 out of       1    0%
  Number of STARTUPs:                            0 out of       1    0%
  Number of SUSPEND_SYNCs:                       0 out of       1    0%


Overall effort level (-ol):   High 
Router effort level (-rl):    High 

Starting initial Timing Analysis.  REAL time: 10 secs 
Finished initial Timing Analysis.  REAL time: 10 secs 

WARNING:Par:288 - The signal
   microblaze_0/microblaze_0/MicroBlaze_Core_I/Performance.Data_Flow_I/Register_File_I/Using_LUT6.All_RAM32M[8].ram32m_i_RAMD_D1_O has no
   load.  PAR will not attempt to route this signal.
WARNING:Par:288 - The signal
   microblaze_0/microblaze_0/MicroBlaze_Core_I/Performance.Data_Flow_I/Register_File_I/Using_LUT6.All_RAM32M[9].ram32m_i_RAMD_D1_O has no
   load.  PAR will not attempt to route this signal.
WARNING:Par:288 - The signal
   microblaze_0/microblaze_0/MicroBlaze_Core_I/Performance.Data_Flow_I/Register_File_I/Using_LUT6.All_RAM32M[6].ram32m_i_RAMD_D1_O has no
   load.  PAR will not attempt to route this signal.
WARNING:Par:288 - The signal
   microblaze_0/microblaze_0/MicroBlaze_Core_I/Performance.Data_Flow_I/Register_File_I/Using_LUT6.All_RAM32M[4].ram32m_i_RAMD_D1_O has no
   load.  PAR will not attempt to route this signal.
WARNING:Par:288 - The signal
   microblaze_0/microblaze_0/MicroBlaze_Core_I/Performance.Data_Flow_I/Register_File_I/Using_LUT6.All_RAM32M[7].ram32m_i_RAMD_D1_O has no
   load.  PAR will not attempt to route this signal.
WARNING:Par:288 - The signal
   microblaze_0/microblaze_0/MicroBlaze_Core_I/Performance.Data_Flow_I/Register_File_I/Using_LUT6.All_RAM32M[3].ram32m_i_RAMD_D1_O has no
   load.  PAR will not attempt to route this signal.
WARNING:Par:288 - The signal
   microblaze_0/microblaze_0/MicroBlaze_Core_I/Performance.Data_Flow_I/Register_File_I/Using_LUT6.All_RAM32M[12].ram32m_i_RAMD_D1_O has no
   load.  PAR will not attempt to route this signal.
WARNING:Par:288 - The signal
   microblaze_0/microblaze_0/MicroBlaze_Core_I/Performance.Data_Flow_I/Register_File_I/Using_LUT6.All_RAM32M[1].ram32m_i_RAMD_D1_O has no
   load.  PAR will not attempt to route this signal.
WARNING:Par:288 - The signal
   microblaze_0/microblaze_0/MicroBlaze_Core_I/Performance.Data_Flow_I/Register_File_I/Using_LUT6.All_RAM32M[0].ram32m_i_RAMD_D1_O has no
   load.  PAR will not attempt to route this signal.
WARNING:Par:288 - The signal
   microblaze_0/microblaze_0/MicroBlaze_Core_I/Performance.Data_Flow_I/Register_File_I/Using_LUT6.All_RAM32M[11].ram32m_i_RAMD_D1_O has no
   load.  PAR will not attempt to route this signal.
WARNING:Par:288 - The signal
   microblaze_0/microblaze_0/MicroBlaze_Core_I/Performance.Data_Flow_I/Register_File_I/Using_LUT6.All_RAM32M[5].ram32m_i_RAMD_D1_O has no
   load.  PAR will not attempt to route this signal.
WARNING:Par:288 - The signal
   microblaze_0/microblaze_0/MicroBlaze_Core_I/Performance.Data_Flow_I/Register_File_I/Using_LUT6.All_RAM32M[2].ram32m_i_RAMD_D1_O has no
   load.  PAR will not attempt to route this signal.
WARNING:Par:288 - The signal
   microblaze_0/microblaze_0/MicroBlaze_Core_I/Performance.Data_Flow_I/Register_File_I/Using_LUT6.All_RAM32M[10].ram32m_i_RAMD_D1_O has no
   load.  PAR will not attempt to route this signal.
WARNING:Par:288 - The signal
   microblaze_0/microblaze_0/MicroBlaze_Core_I/Performance.Data_Flow_I/Register_File_I/Using_LUT6.All_RAM32M[13].ram32m_i_RAMD_D1_O has no
   load.  PAR will not attempt to route this signal.
WARNING:Par:288 - The signal dlmb_LMB_ABus<30> has no load.  PAR will not attempt to route this signal.
WARNING:Par:288 - The signal dlmb_LMB_ABus<31> has no load.  PAR will not attempt to route this signal.
WARNING:Par:288 - The signal
   microblaze_0/microblaze_0/MicroBlaze_Core_I/Performance.Data_Flow_I/Register_File_I/Using_LUT6.All_RAM32M[15].ram32m_i_RAMD_D1_O has no
   load.  PAR will not attempt to route this signal.
WARNING:Par:288 - The signal
   microblaze_0/microblaze_0/MicroBlaze_Core_I/Performance.Data_Flow_I/Register_File_I/Using_LUT6.All_RAM32M[14].ram32m_i_RAMD_D1_O has no
   load.  PAR will not attempt to route this signal.
Starting Router


Phase  1  : 14998 unrouted;      REAL time: 12 secs 

Phase  2  : 11951 unrouted;      REAL time: 16 secs 

Phase  3  : 5303 unrouted;      REAL time: 23 secs 

Phase  4  : 5303 unrouted; (Setup:0, Hold:0, Component Switching Limit:0)     REAL time: 27 secs 

Updating file: system.ncd with current fully routed design.

Phase  5  : 0 unrouted; (Setup:0, Hold:0, Component Switching Limit:0)     REAL time: 36 secs 

Phase  6  : 0 unrouted; (Setup:0, Hold:0, Component Switching Limit:0)     REAL time: 36 secs 

Phase  7  : 0 unrouted; (Setup:0, Hold:0, Component Switching Limit:0)     REAL time: 36 secs 

Phase  8  : 0 unrouted; (Setup:0, Hold:0, Component Switching Limit:0)     REAL time: 36 secs 

Phase  9  : 0 unrouted; (Setup:0, Hold:0, Component Switching Limit:0)     REAL time: 36 secs 

Phase 10  : 0 unrouted; (Setup:0, Hold:0, Component Switching Limit:0)     REAL time: 37 secs 
Total REAL time to Router completion: 37 secs 
Total CPU time to Router completion: 37 secs 

Partition Implementation Status
-------------------------------

  No Partitions were found in this design.

-------------------------------

Generating "PAR" statistics.

**************************
Generating Clock Report
**************************

+---------------------+--------------+------+------+------------+-------------+
|        Clock Net    |   Resource   |Locked|Fanout|Net Skew(ns)|Max Delay(ns)|
+---------------------+--------------+------+------+------------+-------------+
|      clk_50_0000MHz |  BUFGMUX_X2Y3| No   |  709 |  0.760     |  1.847      |
+---------------------+--------------+------+------+------------+-------------+
|microblaze_0_mdm_bus |              |      |      |            |             |
|            _Dbg_Clk | BUFGMUX_X3Y13| No   |   54 |  0.274     |  1.359      |
+---------------------+--------------+------+------+------------+-------------+
|microblaze_0_mdm_bus |              |      |      |            |             |
|         _Dbg_Update |         Local|      |   17 |  4.268     |  8.301      |
+---------------------+--------------+------+------+------------+-------------+

* Net Skew is the difference between the minimum and maximum routing
only delays for the net. Note this is different from Clock Skew which
is reported in TRCE timing report. Clock Skew is the difference between
the minimum and maximum path delays which includes logic delays.

* The fanout is the number of component pins not the individual BEL loads,
for example SLICE loads not FF loads.

Timing Score: 0 (Setup: 0, Hold: 0, Component Switching Limit: 0)

Number of Timing Constraints that were not applied: 1

Asterisk (*) preceding a constraint indicates it was not met.
   This may be due to a setup or hold violation.

----------------------------------------------------------------------------------------------------------
  Constraint                                |    Check    | Worst Case |  Best Case | Timing |   Timing   
                                            |             |    Slack   | Achievable | Errors |    Score   
----------------------------------------------------------------------------------------------------------
  TS_sys_clk_pin = PERIOD TIMEGRP "sys_clk_ | MINLOWPULSE |     6.666ns|     3.334ns|       0|           0
  pin" 100 MHz HIGH 50% |             |            |            |        |            
----------------------------------------------------------------------------------------------------------
  TS_clock_generator_0_clock_generator_0_SI | SETUP       |    10.374ns|     9.626ns|       0|           0
  G_PLL0_CLKOUT0 = PERIOD TIMEGRP         " | HOLD        |     0.306ns|            |       0|           0
  clock_generator_0_clock_generator_0_SIG_P |             |            |            |        |            
  LL0_CLKOUT0" TS_sys_clk_pin         * 0.5 |             |            |            |        |            
   HIGH 50% |             |            |            |        |            
----------------------------------------------------------------------------------------------------------


Derived Constraint Report
Review Timing Report for more details on the following derived constraints.
To create a Timing Report, run "trce -v 12 -fastpaths -o design_timing_report design.ncd design.pcf"
or "Run Timing Analysis" from Timing Analyzer (timingan).
Derived Constraints for TS_sys_clk_pin
+-------------------------------+-------------+-------------+-------------+-------------+-------------+-------------+-------------+
|                               |   Period    |       Actual Period       |      Timing Errors        |      Paths Analyzed       |
|           Constraint          | Requirement |-------------+-------------|-------------+-------------|-------------+-------------|
|                               |             |   Direct    | Derivative  |   Direct    | Derivative  |   Direct    | Derivative  |
+-------------------------------+-------------+-------------+-------------+-------------+-------------+-------------+-------------+
|TS_sys_clk_pin                 |     10.000ns|      3.334ns|      4.813ns|            0|            0|            0|       278670|
| TS_clock_generator_0_clock_gen|     20.000ns|      9.626ns|          N/A|            0|            0|       278670|            0|
| erator_0_SIG_PLL0_CLKOUT0     |             |             |             |             |             |             |             |
+-------------------------------+-------------+-------------+-------------+-------------+-------------+-------------+-------------+

All constraints were met.


Generating Pad Report.

All signals are completely routed.

WARNING:Par:283 - There are 18 loadless signals in this design. This design will cause Bitgen to issue DRC warnings.

Total REAL time to PAR completion: 39 secs 
Total CPU time to PAR completion: 40 secs 

Peak Memory Usage:  891 MB

Placer: Placement generated during map.
Routing: Completed - No errors found.
Timing: Completed - No errors found.

Number of error messages: 0
Number of warning messages: 20
Number of info messages: 0

Writing design to file system.ncd



PAR done!



#----------------------------------------------#
# Starting program post_par_trce
# trce -e 3 -xml system.twx system.ncd system.pcf 
#----------------------------------------------#
WARNING: vhdl is not supported as a language.  Using usenglish.
Release 13.3 - Trace  (lin64)
Copyright (c) 1995-2011 Xilinx, Inc.  All rights reserved.


PMSPEC -- Overriding Xilinx file
</opt/Xilinx/13.3/ISE_DS/EDK/spartan6/data/spartan6.acd> with local file
</opt/Xilinx/13.3/ISE_DS/ISE/spartan6/data/spartan6.acd>
Loading device for application Rf_Device from file '6slx150t.nph' in environment
/opt/Xilinx/13.3/ISE_DS/ISE/:/opt/Xilinx/13.3/ISE_DS/EDK.
   "system" is an NCD, version 3.2, device xc6slx150t, package fgg676, speed -3
--------------------------------------------------------------------------------
Release 13.3 Trace  (lin64)
Copyright (c) 1995-2011 Xilinx, Inc.  All rights reserved.

/opt/Xilinx/13.3/ISE_DS/ISE/bin/lin64/unwrapped/trce -e 3 -xml system.twx
system.ncd system.pcf


Design file:              system.ncd
Physical constraint file: system.pcf
Device,speed:             xc6slx150t,-3 (PRODUCTION 1.20 2011-10-03)
Report level:             error report
--------------------------------------------------------------------------------

INFO:Timing:2752 - To get complete path coverage, use the unconstrained paths option. All paths that are not constrained will be reported in
   the unconstrained paths section(s) of the report.
INFO:Timing:3339 - The clock-to-out numbers in this timing report are based on a 50 Ohm transmission line loading model.  For the details of
   this model, and for more information on accounting for different loading conditions, please see the device datasheet.


Timing summary:
---------------

Timing errors: 0  Score: 0 (Setup/Max: 0, Hold: 0)

Constraints cover 278670 paths, 0 nets, and 11857 connections

Design statistics:
   Minimum period:   9.626ns (Maximum frequency: 103.885MHz)


Analysis completed Fri Mar 20 18:28:22 2015
--------------------------------------------------------------------------------

Generating Report ...

Number of warnings: 0
Number of info messages: 2
Total time: 11 secs 


xflow done!
touch __xps/system_routed
xilperl /opt/Xilinx/13.3/ISE_DS/EDK/data/fpga_impl/observe_par.pl -error yes implementation/system.par
Analyzing implementation/system.par
*********************************************
Running Bitgen..
*********************************************
cd implementation ; bitgen -w -f bitgen.ut system ; cd ..
WARNING: vhdl is not supported as a language.  Using usenglish.
Release 13.3 - Bitgen O.76xd (lin64)
Copyright (c) 1995-2011 Xilinx, Inc.  All rights reserved.
PMSPEC -- Overriding Xilinx file
</opt/Xilinx/13.3/ISE_DS/EDK/spartan6/data/spartan6.acd> with local file
</opt/Xilinx/13.3/ISE_DS/ISE/spartan6/data/spartan6.acd>
Loading device for application Rf_Device from file '6slx150t.nph' in environment
/opt/Xilinx/13.3/ISE_DS/ISE/:/opt/Xilinx/13.3/ISE_DS/EDK.
   "system" is an NCD, version 3.2, device xc6slx150t, package fgg676, speed -3
Opened constraints file system.pcf.

Fri Mar 20 18:28:28 2015


INFO:Data2MEM:100 - BRAM 'lmb_bram/lmb_bram/ramb16bwer_0' at 'RAMB16_X3Y48' location successfully updated with design data.


INFO:Data2MEM:100 - BRAM 'lmb_bram/lmb_bram/ramb16bwer_1' at 'RAMB16_X3Y50' location successfully updated with design data.


INFO:Data2MEM:100 - BRAM 'lmb_bram/lmb_bram/ramb16bwer_2' at 'RAMB16_X3Y52' location successfully updated with design data.


INFO:Data2MEM:100 - BRAM 'lmb_bram/lmb_bram/ramb16bwer_3' at 'RAMB16_X3Y54' location successfully updated with design data.


INFO:Data2MEM:100 - BRAM 'lmb_bram/lmb_bram/ramb16bwer_4' at 'RAMB16_X2Y60' location successfully updated with design data.


INFO:Data2MEM:100 - BRAM 'lmb_bram/lmb_bram/ramb16bwer_5' at 'RAMB16_X2Y58' location successfully updated with design data.


INFO:Data2MEM:100 - BRAM 'lmb_bram/lmb_bram/ramb16bwer_6' at 'RAMB16_X2Y56' location successfully updated with design data.


INFO:Data2MEM:100 - BRAM 'lmb_bram/lmb_bram/ramb16bwer_7' at 'RAMB16_X3Y56' location successfully updated with design data.


INFO:Data2MEM:100 - BRAM 'lmb_bram/lmb_bram/ramb16bwer_8' at 'RAMB16_X3Y68' location successfully updated with design data.


INFO:Data2MEM:100 - BRAM 'lmb_bram/lmb_bram/ramb16bwer_9' at 'RAMB16_X3Y66' location successfully updated with design data.


INFO:Data2MEM:100 - BRAM 'lmb_bram/lmb_bram/ramb16bwer_10' at 'RAMB16_X3Y64' location successfully updated with design data.


INFO:Data2MEM:100 - BRAM 'lmb_bram/lmb_bram/ramb16bwer_11' at 'RAMB16_X3Y60' location successfully updated with design data.


INFO:Data2MEM:100 - BRAM 'lmb_bram/lmb_bram/ramb16bwer_12' at 'RAMB16_X4Y60' location successfully updated with design data.


INFO:Data2MEM:100 - BRAM 'lmb_bram/lmb_bram/ramb16bwer_13' at 'RAMB16_X3Y62' location successfully updated with design data.


INFO:Data2MEM:100 - BRAM 'lmb_bram/lmb_bram/ramb16bwer_14' at 'RAMB16_X3Y58' location successfully updated with design data.


INFO:Data2MEM:100 - BRAM 'lmb_bram/lmb_bram/ramb16bwer_15' at 'RAMB16_X4Y58' location successfully updated with design data.

Running DRC.
WARNING:PhysDesignRules:367 - The signal
   <microblaze_0/microblaze_0/MicroBlaze_Core_I/Performance.Data_Flow_I/Register
   _File_I/Using_LUT6.All_RAM32M[8].ram32m_i_RAMD_D1_O> is incomplete. The
   signal does not drive any load pins in the design.
WARNING:PhysDesignRules:367 - The signal
   <microblaze_0/microblaze_0/MicroBlaze_Core_I/Performance.Data_Flow_I/Register
   _File_I/Using_LUT6.All_RAM32M[9].ram32m_i_RAMD_D1_O> is incomplete. The
   signal does not drive any load pins in the design.
WARNING:PhysDesignRules:367 - The signal
   <microblaze_0/microblaze_0/MicroBlaze_Core_I/Performance.Data_Flow_I/Register
   _File_I/Using_LUT6.All_RAM32M[6].ram32m_i_RAMD_D1_O> is incomplete. The
   signal does not drive any load pins in the design.
WARNING:PhysDesignRules:367 - The signal
   <microblaze_0/microblaze_0/MicroBlaze_Core_I/Performance.Data_Flow_I/Register
   _File_I/Using_LUT6.All_RAM32M[4].ram32m_i_RAMD_D1_O> is incomplete. The
   signal does not drive any load pins in the design.
WARNING:PhysDesignRules:367 - The signal
   <microblaze_0/microblaze_0/MicroBlaze_Core_I/Performance.Data_Flow_I/Register
   _File_I/Using_LUT6.All_RAM32M[7].ram32m_i_RAMD_D1_O> is incomplete. The
   signal does not drive any load pins in the design.
WARNING:PhysDesignRules:367 - The signal
   <microblaze_0/microblaze_0/MicroBlaze_Core_I/Performance.Data_Flow_I/Register
   _File_I/Using_LUT6.All_RAM32M[3].ram32m_i_RAMD_D1_O> is incomplete. The
   signal does not drive any load pins in the design.
WARNING:PhysDesignRules:367 - The signal
   <microblaze_0/microblaze_0/MicroBlaze_Core_I/Performance.Data_Flow_I/Register
   _File_I/Using_LUT6.All_RAM32M[12].ram32m_i_RAMD_D1_O> is incomplete. The
   signal does not drive any load pins in the design.
WARNING:PhysDesignRules:367 - The signal
   <microblaze_0/microblaze_0/MicroBlaze_Core_I/Performance.Data_Flow_I/Register
   _File_I/Using_LUT6.All_RAM32M[1].ram32m_i_RAMD_D1_O> is incomplete. The
   signal does not drive any load pins in the design.
WARNING:PhysDesignRules:367 - The signal
   <microblaze_0/microblaze_0/MicroBlaze_Core_I/Performance.Data_Flow_I/Register
   _File_I/Using_LUT6.All_RAM32M[0].ram32m_i_RAMD_D1_O> is incomplete. The
   signal does not drive any load pins in the design.
WARNING:PhysDesignRules:367 - The signal
   <microblaze_0/microblaze_0/MicroBlaze_Core_I/Performance.Data_Flow_I/Register
   _File_I/Using_LUT6.All_RAM32M[11].ram32m_i_RAMD_D1_O> is incomplete. The
   signal does not drive any load pins in the design.
WARNING:PhysDesignRules:367 - The signal
   <microblaze_0/microblaze_0/MicroBlaze_Core_I/Performance.Data_Flow_I/Register
   _File_I/Using_LUT6.All_RAM32M[5].ram32m_i_RAMD_D1_O> is incomplete. The
   signal does not drive any load pins in the design.
WARNING:PhysDesignRules:367 - The signal
   <microblaze_0/microblaze_0/MicroBlaze_Core_I/Performance.Data_Flow_I/Register
   _File_I/Using_LUT6.All_RAM32M[2].ram32m_i_RAMD_D1_O> is incomplete. The
   signal does not drive any load pins in the design.
WARNING:PhysDesignRules:367 - The signal
   <microblaze_0/microblaze_0/MicroBlaze_Core_I/Performance.Data_Flow_I/Register
   _File_I/Using_LUT6.All_RAM32M[10].ram32m_i_RAMD_D1_O> is incomplete. The
   signal does not drive any load pins in the design.
WARNING:PhysDesignRules:367 - The signal
   <microblaze_0/microblaze_0/MicroBlaze_Core_I/Performance.Data_Flow_I/Register
   _File_I/Using_LUT6.All_RAM32M[13].ram32m_i_RAMD_D1_O> is incomplete. The
   signal does not drive any load pins in the design.
WARNING:PhysDesignRules:367 - The signal <dlmb_LMB_ABus<30>> is incomplete. The
   signal does not drive any load pins in the design.
WARNING:PhysDesignRules:367 - The signal <dlmb_LMB_ABus<31>> is incomplete. The
   signal does not drive any load pins in the design.
WARNING:PhysDesignRules:367 - The signal
   <microblaze_0/microblaze_0/MicroBlaze_Core_I/Performance.Data_Flow_I/Register
   _File_I/Using_LUT6.All_RAM32M[15].ram32m_i_RAMD_D1_O> is incomplete. The
   signal does not drive any load pins in the design.
WARNING:PhysDesignRules:367 - The signal
   <microblaze_0/microblaze_0/MicroBlaze_Core_I/Performance.Data_Flow_I/Register
   _File_I/Using_LUT6.All_RAM32M[14].ram32m_i_RAMD_D1_O> is incomplete. The
   signal does not drive any load pins in the design.
DRC detected 0 errors and 18 warnings.  Please see the previously displayed
individual error or warning messages for more details.
INFO:Security:56 - Part 'xc6slx150t' is not a WebPack part.
WARNING:Security:42 - Your software subscription period has lapsed. Your current
version of Xilinx tools will continue to function, but you no longer qualify for
Xilinx software updates or new releases.

Creating bit map...
Saving bit stream in "system.bit".
Bitstream generation is complete.
Done!

********************************************************************************
At Local date and time: Fri Mar 20 18:29:52 2015
 make -f system.make exporttosdk started...
psf2Edward -inp system.xmp -exit_on_error -dont_add_loginfo -edwver 1.2 -xml SDK/SDK_Export/hw/system.xml 
WARNING: vhdl is not supported as a language.  Using usenglish.
Release 13.3 - psf2Edward EDK_O.76xd (lin64)
Copyright (c) 1995-2011 Xilinx, Inc.  All rights reserved.

Checking platform configuration ...
IPNAME: plb_v46, INSTANCE: mb_plb - 2 master(s) : 5 slave(s) 
IPNAME: lmb_v10, INSTANCE: ilmb - 1 master(s) : 1 slave(s) 
IPNAME: lmb_v10, INSTANCE: dlmb - 1 master(s) : 1 slave(s) 

Checking port drivers...
WARNING:EDK:4180 - PORT: bscan_tdo1, CONNECTOR: bscan_tdo1 - No driver found.
   Port will be driven to GND -
   /opt/Xilinx/13.3/ISE_DS/EDK/hw/XilinxProcessorIPLib/pcores/mdm_v2_00_b/data/m
   dm_v2_1_0.mpd line 239 
WARNING:EDK:4181 - PORT: bscan_tdi, CONNECTOR: bscan_tdi - floating connection -
   /opt/Xilinx/13.3/ISE_DS/EDK/hw/XilinxProcessorIPLib/pcores/mdm_v2_00_b/data/m
   dm_v2_1_0.mpd line 232 
WARNING:EDK:4181 - PORT: bscan_reset, CONNECTOR: bscan_reset - floating
   connection -
   /opt/Xilinx/13.3/ISE_DS/EDK/hw/XilinxProcessorIPLib/pcores/mdm_v2_00_b/data/m
   dm_v2_1_0.mpd line 233 
WARNING:EDK:4181 - PORT: bscan_shift, CONNECTOR: bscan_shift - floating
   connection -
   /opt/Xilinx/13.3/ISE_DS/EDK/hw/XilinxProcessorIPLib/pcores/mdm_v2_00_b/data/m
   dm_v2_1_0.mpd line 234 
WARNING:EDK:4181 - PORT: bscan_update, CONNECTOR: bscan_update - floating
   connection -
   /opt/Xilinx/13.3/ISE_DS/EDK/hw/XilinxProcessorIPLib/pcores/mdm_v2_00_b/data/m
   dm_v2_1_0.mpd line 235 
WARNING:EDK:4181 - PORT: bscan_capture, CONNECTOR: bscan_capture - floating
   connection -
   /opt/Xilinx/13.3/ISE_DS/EDK/hw/XilinxProcessorIPLib/pcores/mdm_v2_00_b/data/m
   dm_v2_1_0.mpd line 236 
WARNING:EDK:4181 - PORT: bscan_sel1, CONNECTOR: bscan_sel1 - floating connection
   -
   /opt/Xilinx/13.3/ISE_DS/EDK/hw/XilinxProcessorIPLib/pcores/mdm_v2_00_b/data/m
   dm_v2_1_0.mpd line 237 
WARNING:EDK:4181 - PORT: bscan_drck1, CONNECTOR: bscan_drck1 - floating
   connection -
   /opt/Xilinx/13.3/ISE_DS/EDK/hw/XilinxProcessorIPLib/pcores/mdm_v2_00_b/data/m
   dm_v2_1_0.mpd line 238 
WARNING:EDK:4181 - PORT: Peripheral_Reset, CONNECTOR: sys_periph_reset -
   floating connection -
   /home/daniw/data/studium/sem6/add/edk/IVK_HW/t01_hello/system.mhs line 172 

Performing Clock DRCs...

Performing Reset DRCs...

Overriding system level properties...

Running system level update procedures...

Running UPDATE Tcl procedures for OPTION SYSLEVEL_UPDATE_PROC...

Running system level DRCs...

Performing System level DRCs on properties...

Running DRC Tcl procedures for OPTION SYSLEVEL_DRC_PROC...
Conversion to XML complete.
xdsgen -inp system.xmp -report SDK/SDK_Export/hw/system.html  -make_docs_local
WARNING: vhdl is not supported as a language.  Using usenglish.
Release 13.3 - xdsgen EDK_O.76xd (lin64)
Copyright (c) 1995-2011 Xilinx, Inc.  All rights reserved.
Generated Block Diagram.
Rasterizing microblaze_0.jpg.....
Rasterizing mb_plb.jpg.....
Rasterizing ilmb.jpg.....
Rasterizing dlmb.jpg.....
Rasterizing dlmb_cntlr.jpg.....
Rasterizing ilmb_cntlr.jpg.....
Rasterizing lmb_bram.jpg.....
Rasterizing RS232_USB.jpg.....
Rasterizing LEDs_8Bit.jpg.....
Rasterizing Push_Buttons_3Bit.jpg.....
Rasterizing xps_timer_0.jpg.....
Rasterizing clock_generator_0.jpg.....
Rasterizing mdm_0.jpg.....
Rasterizing proc_sys_reset_0.jpg.....
Rasterizing system_blkd.jpg.....
Report generated.
Report generation completed.
Done!
Writing filter settings....
Done writing filter settings to:
	/home/daniw/data/studium/sem6/add/edk/IVK_HW/t01_hello/etc/system.filters
Done writing Tab View settings to:
	/home/daniw/data/studium/sem6/add/edk/IVK_HW/t01_hello/etc/system.gui
